  [1m[35m (5.9ms)[0m  [1m[35mCREATE TABLE "schema_migrations" ("version" varchar NOT NULL PRIMARY KEY)[0m
  [1m[35m (4.2ms)[0m  [1m[35mCREATE TABLE "ar_internal_metadata" ("key" varchar NOT NULL PRIMARY KEY, "value" varchar, "created_at" datetime(6) NOT NULL, "updated_at" datetime(6) NOT NULL)[0m
  [1m[36mActiveRecord::SchemaMigration Pluck (0.2ms)[0m  [1m[34mSELECT "schema_migrations"."version" FROM "schema_migrations" ORDER BY "schema_migrations"."version" ASC[0m
Migrating to CreateForums (20230331182858)
  [1m[36mTRANSACTION (0.1ms)[0m  [1m[36mbegin transaction[0m
  [1m[35m (1.0ms)[0m  [1m[35mCREATE TABLE "forums" ("id" integer PRIMARY KEY AUTOINCREMENT NOT NULL, "title" varchar, "description" text, "created_at" datetime(6) NOT NULL, "updated_at" datetime(6) NOT NULL)[0m
  [1m[36mActiveRecord::SchemaMigration Create (0.3ms)[0m  [1m[32mINSERT INTO "schema_migrations" ("version") VALUES (?)[0m  [["version", "20230331182858"]]
  [1m[36mTRANSACTION (39.4ms)[0m  [1m[36mcommit transaction[0m
Migrating to CreateQuestions (20230331182940)
  [1m[36mTRANSACTION (0.1ms)[0m  [1m[36mbegin transaction[0m
  [1m[35m (0.8ms)[0m  [1m[35mCREATE TABLE "questions" ("id" integer PRIMARY KEY AUTOINCREMENT NOT NULL, "forum_id" integer NOT NULL, "content" text, "created_at" datetime(6) NOT NULL, "updated_at" datetime(6) NOT NULL, CONSTRAINT "fk_rails_02222fc97f"
FOREIGN KEY ("forum_id")
  REFERENCES "forums" ("id")
)[0m
  [1m[35m (0.1ms)[0m  [1m[35mCREATE INDEX "index_questions_on_forum_id" ON "questions" ("forum_id")[0m
  [1m[36mActiveRecord::SchemaMigration Create (0.2ms)[0m  [1m[32mINSERT INTO "schema_migrations" ("version") VALUES (?)[0m  [["version", "20230331182940"]]
  [1m[36mTRANSACTION (3.6ms)[0m  [1m[36mcommit transaction[0m
Migrating to CreateAnswers (20230331183021)
  [1m[36mTRANSACTION (0.1ms)[0m  [1m[36mbegin transaction[0m
  [1m[35m (1.3ms)[0m  [1m[35mCREATE TABLE "answers" ("id" integer PRIMARY KEY AUTOINCREMENT NOT NULL, "question_id" integer NOT NULL, "content" text, "created_at" datetime(6) NOT NULL, "updated_at" datetime(6) NOT NULL, CONSTRAINT "fk_rails_3d5ed4418f"
FOREIGN KEY ("question_id")
  REFERENCES "questions" ("id")
)[0m
  [1m[35m (0.2ms)[0m  [1m[35mCREATE INDEX "index_answers_on_question_id" ON "answers" ("question_id")[0m
  [1m[36mActiveRecord::SchemaMigration Create (0.2ms)[0m  [1m[32mINSERT INTO "schema_migrations" ("version") VALUES (?)[0m  [["version", "20230331183021"]]
  [1m[36mTRANSACTION (3.6ms)[0m  [1m[36mcommit transaction[0m
  [1m[36mActiveRecord::InternalMetadata Load (0.3ms)[0m  [1m[34mSELECT "ar_internal_metadata".* FROM "ar_internal_metadata" WHERE "ar_internal_metadata"."key" = ? LIMIT ?[0m  [["key", "environment"], ["LIMIT", 1]]
  [1m[36mTRANSACTION (0.0ms)[0m  [1m[36mbegin transaction[0m
  [1m[36mActiveRecord::InternalMetadata Create (0.8ms)[0m  [1m[32mINSERT INTO "ar_internal_metadata" ("key", "value", "created_at", "updated_at") VALUES (?, ?, ?, ?)[0m  [["key", "environment"], ["value", "development"], ["created_at", "2023-03-31 18:35:47.440864"], ["updated_at", "2023-03-31 18:35:47.440864"]]
  [1m[36mTRANSACTION (3.6ms)[0m  [1m[36mcommit transaction[0m
  [1m[36mActiveRecord::SchemaMigration Pluck (0.1ms)[0m  [1m[34mSELECT "schema_migrations"."version" FROM "schema_migrations" ORDER BY "schema_migrations"."version" ASC[0m
  [1m[36mForum Load (0.2ms)[0m  [1m[34mSELECT "forums".* FROM "forums"[0m
  [1m[36mAnswer Load (0.1ms)[0m  [1m[34mSELECT "answers".* FROM "answers"[0m
  [1m[36mForum Load (0.2ms)[0m  [1m[34mSELECT "forums".* FROM "forums"[0m
  [1m[36mQuestion Load (0.2ms)[0m  [1m[34mSELECT "questions".* FROM "questions"[0m
  [1m[36mTRANSACTION (0.0ms)[0m  [1m[36mbegin transaction[0m
  [1m[36mForum Create (1.2ms)[0m  [1m[32mINSERT INTO "forums" ("title", "description", "created_at", "updated_at") VALUES (?, ?, ?, ?)[0m  [["title", "A-forum"], ["description", "a forum for A"], ["created_at", "2023-03-31 18:41:06.561124"], ["updated_at", "2023-03-31 18:41:06.561124"]]
  [1m[36mTRANSACTION (3.5ms)[0m  [1m[36mcommit transaction[0m
  [1m[36mTRANSACTION (0.1ms)[0m  [1m[36mbegin transaction[0m
  [1m[36mForum Create (1.0ms)[0m  [1m[32mINSERT INTO "forums" ("title", "description", "created_at", "updated_at") VALUES (?, ?, ?, ?)[0m  [["title", "B-forum"], ["description", "a forum for B"], ["created_at", "2023-03-31 18:41:16.032043"], ["updated_at", "2023-03-31 18:41:16.032043"]]
  [1m[36mTRANSACTION (3.4ms)[0m  [1m[36mcommit transaction[0m
  [1m[36mTRANSACTION (0.1ms)[0m  [1m[36mbegin transaction[0m
  [1m[36mForum Create (1.1ms)[0m  [1m[32mINSERT INTO "forums" ("title", "description", "created_at", "updated_at") VALUES (?, ?, ?, ?)[0m  [["title", "C-forum"], ["description", "a forum for C"], ["created_at", "2023-03-31 18:41:21.566351"], ["updated_at", "2023-03-31 18:41:21.566351"]]
  [1m[36mTRANSACTION (3.5ms)[0m  [1m[36mcommit transaction[0m
  [1m[36mForum Load (0.2ms)[0m  [1m[34mSELECT "forums".* FROM "forums"[0m
  [1m[36mForum Load (0.3ms)[0m  [1m[34mSELECT "forums".* FROM "forums" ORDER BY "forums"."id" ASC LIMIT ?[0m  [["LIMIT", 1]]
  [1m[36mTRANSACTION (0.1ms)[0m  [1m[36mbegin transaction[0m
  [1m[36mForum Load (0.2ms)[0m  [1m[34mSELECT "forums".* FROM "forums" WHERE "forums"."id" = ? LIMIT ?[0m  [["id", 1], ["LIMIT", 1]]
  [1m[36mQuestion Create (0.6ms)[0m  [1m[32mINSERT INTO "questions" ("forum_id", "content", "created_at", "updated_at") VALUES (?, ?, ?, ?)[0m  [["forum_id", 1], ["content", "what is forum a"], ["created_at", "2023-03-31 18:42:49.906895"], ["updated_at", "2023-03-31 18:42:49.906895"]]
  [1m[36mTRANSACTION (4.7ms)[0m  [1m[36mcommit transaction[0m
  [1m[36mForum Load (0.2ms)[0m  [1m[34mSELECT "forums".* FROM "forums" ORDER BY "forums"."id" ASC LIMIT ?[0m  [["LIMIT", 1]]
  [1m[36mTRANSACTION (0.0ms)[0m  [1m[36mbegin transaction[0m
  [1m[36mForum Load (0.1ms)[0m  [1m[34mSELECT "forums".* FROM "forums" WHERE "forums"."id" = ? LIMIT ?[0m  [["id", 1], ["LIMIT", 1]]
  [1m[36mQuestion Create (8.4ms)[0m  [1m[32mINSERT INTO "questions" ("forum_id", "content", "created_at", "updated_at") VALUES (?, ?, ?, ?)[0m  [["forum_id", 1], ["content", "How is forum a"], ["created_at", "2023-03-31 18:42:55.702057"], ["updated_at", "2023-03-31 18:42:55.702057"]]
  [1m[36mTRANSACTION (3.8ms)[0m  [1m[36mcommit transaction[0m
  [1m[36mForum Load (0.2ms)[0m  [1m[34mSELECT "forums".* FROM "forums" ORDER BY "forums"."id" ASC LIMIT ?[0m  [["LIMIT", 1]]
  [1m[36mTRANSACTION (0.0ms)[0m  [1m[36mbegin transaction[0m
  [1m[36mForum Load (0.2ms)[0m  [1m[34mSELECT "forums".* FROM "forums" WHERE "forums"."id" = ? LIMIT ?[0m  [["id", 1], ["LIMIT", 1]]
  [1m[36mQuestion Create (1.1ms)[0m  [1m[32mINSERT INTO "questions" ("forum_id", "content", "created_at", "updated_at") VALUES (?, ?, ?, ?)[0m  [["forum_id", 1], ["content", "when is forum a"], ["created_at", "2023-03-31 18:43:03.081163"], ["updated_at", "2023-03-31 18:43:03.081163"]]
  [1m[36mTRANSACTION (3.8ms)[0m  [1m[36mcommit transaction[0m
  [1m[36mForum Load (0.2ms)[0m  [1m[34mSELECT "forums".* FROM "forums" ORDER BY "forums"."id" ASC LIMIT ?[0m  [["LIMIT", 1]]
  [1m[36mQuestion Load (0.2ms)[0m  [1m[34mSELECT "questions".* FROM "questions" WHERE "questions"."forum_id" = ?[0m  [["forum_id", 1]]
  [1m[36mForum Load (0.2ms)[0m  [1m[34mSELECT "forums".* FROM "forums" ORDER BY "forums"."id" ASC LIMIT ?[0m  [["LIMIT", 1]]
  [1m[36mQuestion Load (0.2ms)[0m  [1m[34mSELECT "questions".* FROM "questions" WHERE "questions"."forum_id" = ? ORDER BY "questions"."id" ASC LIMIT ? OFFSET ?[0m  [["forum_id", 1], ["LIMIT", 1], ["OFFSET", 1]]
  [1m[36mForum Load (0.2ms)[0m  [1m[34mSELECT "forums".* FROM "forums" ORDER BY "forums"."id" ASC LIMIT ?[0m  [["LIMIT", 1]]
  [1m[36mQuestion Load (0.1ms)[0m  [1m[34mSELECT "questions".* FROM "questions" WHERE "questions"."forum_id" = ? ORDER BY "questions"."id" ASC LIMIT ? OFFSET ?[0m  [["forum_id", 1], ["LIMIT", 1], ["OFFSET", 2]]
  [1m[36mForum Load (0.2ms)[0m  [1m[34mSELECT "forums".* FROM "forums" ORDER BY "forums"."id" ASC LIMIT ?[0m  [["LIMIT", 1]]
  [1m[36mQuestion Load (0.1ms)[0m  [1m[34mSELECT "questions".* FROM "questions" WHERE "questions"."forum_id" = ? ORDER BY "questions"."id" ASC LIMIT ? OFFSET ?[0m  [["forum_id", 1], ["LIMIT", 1], ["OFFSET", 4]]
  [1m[36mForum Load (0.2ms)[0m  [1m[34mSELECT "forums".* FROM "forums" ORDER BY "forums"."id" ASC LIMIT ?[0m  [["LIMIT", 1]]
  [1m[36mQuestion Load (0.1ms)[0m  [1m[34mSELECT "questions".* FROM "questions" WHERE "questions"."forum_id" = ? ORDER BY "questions"."id" ASC LIMIT ? OFFSET ?[0m  [["forum_id", 1], ["LIMIT", 1], ["OFFSET", 3]]
  [1m[36mForum Load (0.2ms)[0m  [1m[34mSELECT "forums".* FROM "forums" ORDER BY "forums"."id" ASC LIMIT ?[0m  [["LIMIT", 1]]
  [1m[36mQuestion Load (0.2ms)[0m  [1m[34mSELECT "questions".* FROM "questions" WHERE "questions"."forum_id" = ? ORDER BY "questions"."id" ASC LIMIT ? OFFSET ?[0m  [["forum_id", 1], ["LIMIT", 1], ["OFFSET", 2]]
  [1m[36mQuestion Destroy (11.9ms)[0m  [1m[31mDELETE FROM "questions" WHERE "questions"."id" = ?[0m  [["id", 3]]
  [1m[36mForum Load (0.2ms)[0m  [1m[34mSELECT "forums".* FROM "forums" ORDER BY "forums"."id" ASC LIMIT ?[0m  [["LIMIT", 1]]
  [1m[36mQuestion Load (0.1ms)[0m  [1m[34mSELECT "questions".* FROM "questions" WHERE "questions"."forum_id" = ?[0m  [["forum_id", 1]]
  [1m[36mForum Load (0.2ms)[0m  [1m[34mSELECT "forums".* FROM "forums" WHERE "forums"."id" = ? LIMIT ?[0m  [["id", 1], ["LIMIT", 1]]
  [1m[36mForum Load (0.2ms)[0m  [1m[34mSELECT "forums".* FROM "forums" WHERE "forums"."id" BETWEEN ? AND ? LIMIT ?[0m  [["id", 1], ["id", 2], ["LIMIT", 1]]
  [1m[36mActiveRecord::SchemaMigration Pluck (0.2ms)[0m  [1m[34mSELECT "schema_migrations"."version" FROM "schema_migrations" ORDER BY "schema_migrations"."version" ASC[0m
Migrating to CreateUsers (20230331232534)
  [1m[36mTRANSACTION (0.1ms)[0m  [1m[36mbegin transaction[0m
  [1m[35m (1.2ms)[0m  [1m[35mCREATE TABLE "users" ("id" integer PRIMARY KEY AUTOINCREMENT NOT NULL, "username" varchar, "email_address" varchar, "password" varchar, "created_at" datetime(6) NOT NULL, "updated_at" datetime(6) NOT NULL)[0m
  [1m[36mActiveRecord::SchemaMigration Create (0.3ms)[0m  [1m[32mINSERT INTO "schema_migrations" ("version") VALUES (?)[0m  [["version", "20230331232534"]]
  [1m[36mTRANSACTION (4.6ms)[0m  [1m[36mcommit transaction[0m
Migrating to CreateCreators (20230331232541)
  [1m[36mTRANSACTION (0.1ms)[0m  [1m[36mbegin transaction[0m
  [1m[35m (1.2ms)[0m  [1m[35mCREATE TABLE "creators" ("id" integer PRIMARY KEY AUTOINCREMENT NOT NULL, "user_id" integer NOT NULL, "forum_id" integer NOT NULL, "created_at" datetime(6) NOT NULL, "updated_at" datetime(6) NOT NULL, CONSTRAINT "fk_rails_f0c5a1a18a"
FOREIGN KEY ("user_id")
  REFERENCES "users" ("id")
, CONSTRAINT "fk_rails_12b24ab1c7"
FOREIGN KEY ("forum_id")
  REFERENCES "forums" ("id")
)[0m
  [1m[35m (0.3ms)[0m  [1m[35mCREATE INDEX "index_creators_on_user_id" ON "creators" ("user_id")[0m
  [1m[35m (0.1ms)[0m  [1m[35mCREATE INDEX "index_creators_on_forum_id" ON "creators" ("forum_id")[0m
  [1m[36mActiveRecord::SchemaMigration Create (0.2ms)[0m  [1m[32mINSERT INTO "schema_migrations" ("version") VALUES (?)[0m  [["version", "20230331232541"]]
  [1m[36mTRANSACTION (4.3ms)[0m  [1m[36mcommit transaction[0m
  [1m[36mActiveRecord::InternalMetadata Load (0.3ms)[0m  [1m[34mSELECT "ar_internal_metadata".* FROM "ar_internal_metadata" WHERE "ar_internal_metadata"."key" = ? LIMIT ?[0m  [["key", "environment"], ["LIMIT", 1]]
  [1m[36mActiveRecord::SchemaMigration Pluck (0.2ms)[0m  [1m[34mSELECT "schema_migrations"."version" FROM "schema_migrations" ORDER BY "schema_migrations"."version" ASC[0m
  [1m[36mActiveRecord::SchemaMigration Pluck (0.1ms)[0m  [1m[34mSELECT "schema_migrations"."version" FROM "schema_migrations" ORDER BY "schema_migrations"."version" ASC[0m
Migrating to AddUserColumnToQuestion (20230401000814)
  [1m[36mTRANSACTION (0.1ms)[0m  [1m[36mbegin transaction[0m
  [1m[35m (0.1ms)[0m  [1m[35mPRAGMA foreign_keys[0m
  [1m[35m (0.0ms)[0m  [1m[35mPRAGMA defer_foreign_keys[0m
  [1m[35m (0.0ms)[0m  [1m[35mPRAGMA defer_foreign_keys = ON[0m
  [1m[35m (0.1ms)[0m  [1m[35mPRAGMA foreign_keys = OFF[0m
  [1m[35m (0.2ms)[0m  [1m[35mCREATE TEMPORARY TABLE "aquestions" ("id" integer NOT NULL PRIMARY KEY, "forum_id" integer NOT NULL, "content" text DEFAULT NULL, "created_at" datetime(6) NOT NULL, "updated_at" datetime(6) NOT NULL)[0m
  [1m[35m (0.1ms)[0m  [1m[35mCREATE INDEX "tindex_aquestions_on_forum_id" ON "aquestions" ("forum_id")[0m
  [1m[35m (0.1ms)[0m  [1m[32mINSERT INTO "aquestions" ("id","forum_id","content","created_at","updated_at")
                     SELECT "id","forum_id","content","created_at","updated_at" FROM "questions"[0m
  [1m[35m (1.1ms)[0m  [1m[35mDROP TABLE "questions"[0m
  [1m[35m (0.2ms)[0m  [1m[35mCREATE TABLE "questions" ("id" integer NOT NULL PRIMARY KEY, "forum_id" integer NOT NULL, "content" text DEFAULT NULL, "created_at" datetime(6) NOT NULL, "updated_at" datetime(6) NOT NULL, "user_id" integer NOT NULL, CONSTRAINT "fk_rails_02222fc97f"
FOREIGN KEY ("forum_id")
  REFERENCES "forums" ("id")
)[0m
  [1m[35m (0.1ms)[0m  [1m[35mCREATE INDEX "index_questions_on_forum_id" ON "questions" ("forum_id")[0m
  [1m[35m (0.3ms)[0m  [1m[32mINSERT INTO "questions" ("id","forum_id","content","created_at","updated_at")
                     SELECT "id","forum_id","content","created_at","updated_at" FROM "aquestions"[0m
  [1m[35m (0.0ms)[0m  [1m[35mPRAGMA defer_foreign_keys = 0[0m
  [1m[35m (0.0ms)[0m  [1m[35mPRAGMA foreign_keys = 1[0m
  [1m[36mTRANSACTION (0.5ms)[0m  [1m[31mrollback transaction[0m
  [1m[36mActiveRecord::SchemaMigration Pluck (0.2ms)[0m  [1m[34mSELECT "schema_migrations"."version" FROM "schema_migrations" ORDER BY "schema_migrations"."version" ASC[0m
Migrating to AddUserColumnToQuestion (20230401000814)
  [1m[36mTRANSACTION (0.1ms)[0m  [1m[36mbegin transaction[0m
  [1m[35m (0.9ms)[0m  [1m[35mALTER TABLE "questions" ADD "user_id" integer[0m
  [1m[35m (0.2ms)[0m  [1m[35mCREATE INDEX "index_questions_on_user_id" ON "questions" ("user_id")[0m
  [1m[35m (0.0ms)[0m  [1m[35mPRAGMA foreign_keys[0m
  [1m[35m (0.0ms)[0m  [1m[35mPRAGMA defer_foreign_keys[0m
  [1m[35m (0.0ms)[0m  [1m[35mPRAGMA defer_foreign_keys = ON[0m
  [1m[35m (0.0ms)[0m  [1m[35mPRAGMA foreign_keys = OFF[0m
  [1m[35m (0.2ms)[0m  [1m[35mCREATE TEMPORARY TABLE "aquestions" ("id" integer NOT NULL PRIMARY KEY, "forum_id" integer NOT NULL, "content" text DEFAULT NULL, "created_at" datetime(6) NOT NULL, "updated_at" datetime(6) NOT NULL, "user_id" integer DEFAULT NULL)[0m
  [1m[35m (0.1ms)[0m  [1m[35mCREATE INDEX "tindex_aquestions_on_user_id" ON "aquestions" ("user_id")[0m
  [1m[35m (0.1ms)[0m  [1m[35mCREATE INDEX "tindex_aquestions_on_forum_id" ON "aquestions" ("forum_id")[0m
  [1m[35m (0.1ms)[0m  [1m[32mINSERT INTO "aquestions" ("id","forum_id","content","created_at","updated_at","user_id")
                     SELECT "id","forum_id","content","created_at","updated_at","user_id" FROM "questions"[0m
  [1m[35m (0.5ms)[0m  [1m[35mDROP TABLE "questions"[0m
  [1m[35m (0.1ms)[0m  [1m[35mCREATE TABLE "questions" ("id" integer NOT NULL PRIMARY KEY, "forum_id" integer NOT NULL, "content" text DEFAULT NULL, "created_at" datetime(6) NOT NULL, "updated_at" datetime(6) NOT NULL, "user_id" integer DEFAULT NULL, CONSTRAINT "fk_rails_02222fc97f"
FOREIGN KEY ("forum_id")
  REFERENCES "forums" ("id")
, CONSTRAINT "fk_rails_047ab75908"
FOREIGN KEY ("user_id")
  REFERENCES "users" ("id")
)[0m
  [1m[35m (0.1ms)[0m  [1m[35mCREATE INDEX "index_questions_on_forum_id" ON "questions" ("forum_id")[0m
  [1m[35m (0.1ms)[0m  [1m[35mCREATE INDEX "index_questions_on_user_id" ON "questions" ("user_id")[0m
  [1m[35m (0.1ms)[0m  [1m[32mINSERT INTO "questions" ("id","forum_id","content","created_at","updated_at","user_id")
                     SELECT "id","forum_id","content","created_at","updated_at","user_id" FROM "aquestions"[0m
  [1m[35m (0.2ms)[0m  [1m[35mDROP TABLE "aquestions"[0m
  [1m[35m (0.0ms)[0m  [1m[35mPRAGMA defer_foreign_keys = 0[0m
  [1m[35m (0.0ms)[0m  [1m[35mPRAGMA foreign_keys = 1[0m
  [1m[36mActiveRecord::SchemaMigration Create (0.2ms)[0m  [1m[32mINSERT INTO "schema_migrations" ("version") VALUES (?)[0m  [["version", "20230401000814"]]
  [1m[36mTRANSACTION (7.6ms)[0m  [1m[36mcommit transaction[0m
Migrating to AddUserColumnToForum (20230401001008)
  [1m[36mTRANSACTION (0.1ms)[0m  [1m[36mbegin transaction[0m
  [1m[35m (0.8ms)[0m  [1m[35mALTER TABLE "forums" ADD "user_id" integer[0m
  [1m[35m (0.1ms)[0m  [1m[35mCREATE INDEX "index_forums_on_user_id" ON "forums" ("user_id")[0m
  [1m[35m (0.0ms)[0m  [1m[35mPRAGMA foreign_keys[0m
  [1m[35m (0.0ms)[0m  [1m[35mPRAGMA defer_foreign_keys[0m
  [1m[35m (0.0ms)[0m  [1m[35mPRAGMA defer_foreign_keys = ON[0m
  [1m[35m (0.0ms)[0m  [1m[35mPRAGMA foreign_keys = OFF[0m
  [1m[35m (0.1ms)[0m  [1m[35mCREATE TEMPORARY TABLE "aforums" ("id" integer NOT NULL PRIMARY KEY, "title" varchar DEFAULT NULL, "description" text DEFAULT NULL, "created_at" datetime(6) NOT NULL, "updated_at" datetime(6) NOT NULL, "user_id" integer DEFAULT NULL)[0m
  [1m[35m (0.1ms)[0m  [1m[35mCREATE INDEX "tindex_aforums_on_user_id" ON "aforums" ("user_id")[0m
  [1m[35m (0.0ms)[0m  [1m[32mINSERT INTO "aforums" ("id","title","description","created_at","updated_at","user_id")
                     SELECT "id","title","description","created_at","updated_at","user_id" FROM "forums"[0m
  [1m[35m (0.2ms)[0m  [1m[35mDROP TABLE "forums"[0m
  [1m[35m (0.1ms)[0m  [1m[35mCREATE TABLE "forums" ("id" integer NOT NULL PRIMARY KEY, "title" varchar DEFAULT NULL, "description" text DEFAULT NULL, "created_at" datetime(6) NOT NULL, "updated_at" datetime(6) NOT NULL, "user_id" integer DEFAULT NULL, CONSTRAINT "fk_rails_99e32c35a4"
FOREIGN KEY ("user_id")
  REFERENCES "users" ("id")
)[0m
  [1m[35m (0.1ms)[0m  [1m[35mCREATE INDEX "index_forums_on_user_id" ON "forums" ("user_id")[0m
  [1m[35m (0.1ms)[0m  [1m[32mINSERT INTO "forums" ("id","title","description","created_at","updated_at","user_id")
                     SELECT "id","title","description","created_at","updated_at","user_id" FROM "aforums"[0m
  [1m[35m (0.2ms)[0m  [1m[35mDROP TABLE "aforums"[0m
  [1m[35m (0.0ms)[0m  [1m[35mPRAGMA defer_foreign_keys = 0[0m
  [1m[35m (0.0ms)[0m  [1m[35mPRAGMA foreign_keys = 1[0m
  [1m[36mActiveRecord::SchemaMigration Create (0.2ms)[0m  [1m[32mINSERT INTO "schema_migrations" ("version") VALUES (?)[0m  [["version", "20230401001008"]]
  [1m[36mTRANSACTION (3.7ms)[0m  [1m[36mcommit transaction[0m
  [1m[36mActiveRecord::InternalMetadata Load (0.2ms)[0m  [1m[34mSELECT "ar_internal_metadata".* FROM "ar_internal_metadata" WHERE "ar_internal_metadata"."key" = ? LIMIT ?[0m  [["key", "environment"], ["LIMIT", 1]]
  [1m[36mActiveRecord::SchemaMigration Pluck (0.2ms)[0m  [1m[34mSELECT "schema_migrations"."version" FROM "schema_migrations" ORDER BY "schema_migrations"."version" ASC[0m
  [1m[36mUser Load (0.2ms)[0m  [1m[34mSELECT "users".* FROM "users"[0m
  [1m[36mForum Load (0.3ms)[0m  [1m[34mSELECT "forums".* FROM "forums"[0m
  [1m[36mForum Load (0.2ms)[0m  [1m[34mSELECT "forums".* FROM "forums"[0m
  [1m[36mCreator Load (0.3ms)[0m  [1m[34mSELECT "creators".* FROM "creators"[0m
  [1m[36mActiveRecord::SchemaMigration Pluck (0.2ms)[0m  [1m[34mSELECT "schema_migrations"."version" FROM "schema_migrations" ORDER BY "schema_migrations"."version" ASC[0m
Migrating to RemoveUserColumnFromForum (20230401054030)
  [1m[36mTRANSACTION (0.1ms)[0m  [1m[36mbegin transaction[0m
  [1m[35m (0.1ms)[0m  [1m[35mPRAGMA foreign_keys[0m
  [1m[35m (0.1ms)[0m  [1m[35mPRAGMA defer_foreign_keys[0m
  [1m[35m (0.1ms)[0m  [1m[35mPRAGMA defer_foreign_keys = ON[0m
  [1m[35m (0.1ms)[0m  [1m[35mPRAGMA foreign_keys = OFF[0m
  [1m[35m (0.8ms)[0m  [1m[35mCREATE TEMPORARY TABLE "aforums" ("id" integer NOT NULL PRIMARY KEY, "title" varchar DEFAULT NULL, "description" text DEFAULT NULL, "created_at" datetime(6) NOT NULL, "updated_at" datetime(6) NOT NULL, "user_id" integer DEFAULT NULL)[0m
  [1m[35m (0.2ms)[0m  [1m[35mCREATE INDEX "tindex_aforums_on_user_id" ON "aforums" ("user_id")[0m
  [1m[35m (0.1ms)[0m  [1m[32mINSERT INTO "aforums" ("id","title","description","created_at","updated_at","user_id")
                     SELECT "id","title","description","created_at","updated_at","user_id" FROM "forums"[0m
  [1m[35m (1.5ms)[0m  [1m[35mDROP TABLE "forums"[0m
  [1m[35m (0.1ms)[0m  [1m[35mCREATE TABLE "forums" ("id" integer NOT NULL PRIMARY KEY, "title" varchar DEFAULT NULL, "description" text DEFAULT NULL, "created_at" datetime(6) NOT NULL, "updated_at" datetime(6) NOT NULL, "user_id" integer DEFAULT NULL)[0m
  [1m[35m (0.2ms)[0m  [1m[35mCREATE INDEX "index_forums_on_user_id" ON "forums" ("user_id")[0m
  [1m[35m (0.1ms)[0m  [1m[32mINSERT INTO "forums" ("id","title","description","created_at","updated_at","user_id")
                     SELECT "id","title","description","created_at","updated_at","user_id" FROM "aforums"[0m
  [1m[35m (0.2ms)[0m  [1m[35mDROP TABLE "aforums"[0m
  [1m[35m (0.1ms)[0m  [1m[35mPRAGMA defer_foreign_keys = 0[0m
  [1m[35m (0.1ms)[0m  [1m[35mPRAGMA foreign_keys = 1[0m
  [1m[35m (0.0ms)[0m  [1m[35mPRAGMA foreign_keys[0m
  [1m[35m (0.0ms)[0m  [1m[35mPRAGMA defer_foreign_keys[0m
  [1m[35m (0.1ms)[0m  [1m[35mPRAGMA defer_foreign_keys = ON[0m
  [1m[35m (0.0ms)[0m  [1m[35mPRAGMA foreign_keys = OFF[0m
  [1m[35m (0.2ms)[0m  [1m[35mCREATE TEMPORARY TABLE "aforums" ("id" integer NOT NULL PRIMARY KEY, "title" varchar DEFAULT NULL, "description" text DEFAULT NULL, "created_at" datetime(6) NOT NULL, "updated_at" datetime(6) NOT NULL, "user_id" integer DEFAULT NULL)[0m
  [1m[35m (0.1ms)[0m  [1m[35mCREATE INDEX "tindex_aforums_on_user_id" ON "aforums" ("user_id")[0m
  [1m[35m (0.1ms)[0m  [1m[32mINSERT INTO "aforums" ("id","title","description","created_at","updated_at","user_id")
                     SELECT "id","title","description","created_at","updated_at","user_id" FROM "forums"[0m
  [1m[35m (0.3ms)[0m  [1m[35mDROP TABLE "forums"[0m
  [1m[35m (0.2ms)[0m  [1m[35mCREATE TABLE "forums" ("id" integer NOT NULL PRIMARY KEY, "title" varchar DEFAULT NULL, "description" text DEFAULT NULL, "created_at" datetime(6) NOT NULL, "updated_at" datetime(6) NOT NULL)[0m
  [1m[35m (0.1ms)[0m  [1m[32mINSERT INTO "forums" ("id","title","description","created_at","updated_at")
                     SELECT "id","title","description","created_at","updated_at" FROM "aforums"[0m
  [1m[35m (0.2ms)[0m  [1m[35mDROP TABLE "aforums"[0m
  [1m[35m (0.1ms)[0m  [1m[35mPRAGMA defer_foreign_keys = 0[0m
  [1m[35m (0.0ms)[0m  [1m[35mPRAGMA foreign_keys = 1[0m
  [1m[36mActiveRecord::SchemaMigration Create (0.4ms)[0m  [1m[32mINSERT INTO "schema_migrations" ("version") VALUES (?)[0m  [["version", "20230401054030"]]
  [1m[36mTRANSACTION (4.4ms)[0m  [1m[36mcommit transaction[0m
Migrating to AddUserColumnToAnswer (20230401054128)
  [1m[36mTRANSACTION (0.1ms)[0m  [1m[36mbegin transaction[0m
  [1m[35m (0.1ms)[0m  [1m[35mPRAGMA foreign_keys[0m
  [1m[35m (0.1ms)[0m  [1m[35mPRAGMA defer_foreign_keys[0m
  [1m[35m (0.0ms)[0m  [1m[35mPRAGMA defer_foreign_keys = ON[0m
  [1m[35m (0.1ms)[0m  [1m[35mPRAGMA foreign_keys = OFF[0m
  [1m[35m (0.1ms)[0m  [1m[35mCREATE TEMPORARY TABLE "aanswers" ("id" integer NOT NULL PRIMARY KEY, "question_id" integer NOT NULL, "content" text DEFAULT NULL, "created_at" datetime(6) NOT NULL, "updated_at" datetime(6) NOT NULL)[0m
  [1m[35m (0.2ms)[0m  [1m[35mCREATE INDEX "tindex_aanswers_on_question_id" ON "aanswers" ("question_id")[0m
  [1m[35m (0.1ms)[0m  [1m[32mINSERT INTO "aanswers" ("id","question_id","content","created_at","updated_at")
                     SELECT "id","question_id","content","created_at","updated_at" FROM "answers"[0m
  [1m[35m (1.4ms)[0m  [1m[35mDROP TABLE "answers"[0m
  [1m[35m (0.2ms)[0m  [1m[35mCREATE TABLE "answers" ("id" integer NOT NULL PRIMARY KEY, "question_id" integer NOT NULL, "content" text DEFAULT NULL, "created_at" datetime(6) NOT NULL, "updated_at" datetime(6) NOT NULL, "user_id" integer NOT NULL, CONSTRAINT "fk_rails_3d5ed4418f"
FOREIGN KEY ("question_id")
  REFERENCES "questions" ("id")
)[0m
  [1m[35m (0.1ms)[0m  [1m[35mCREATE INDEX "index_answers_on_question_id" ON "answers" ("question_id")[0m
  [1m[35m (0.1ms)[0m  [1m[32mINSERT INTO "answers" ("id","question_id","content","created_at","updated_at")
                     SELECT "id","question_id","content","created_at","updated_at" FROM "aanswers"[0m
  [1m[35m (0.2ms)[0m  [1m[35mDROP TABLE "aanswers"[0m
  [1m[35m (0.1ms)[0m  [1m[35mPRAGMA defer_foreign_keys = 0[0m
  [1m[35m (0.1ms)[0m  [1m[35mPRAGMA foreign_keys = 1[0m
  [1m[35m (0.1ms)[0m  [1m[35mCREATE INDEX "index_answers_on_user_id" ON "answers" ("user_id")[0m
  [1m[35m (0.0ms)[0m  [1m[35mPRAGMA foreign_keys[0m
  [1m[35m (0.0ms)[0m  [1m[35mPRAGMA defer_foreign_keys[0m
  [1m[35m (0.1ms)[0m  [1m[35mPRAGMA defer_foreign_keys = ON[0m
  [1m[35m (0.1ms)[0m  [1m[35mPRAGMA foreign_keys = OFF[0m
  [1m[35m (0.2ms)[0m  [1m[35mCREATE TEMPORARY TABLE "aanswers" ("id" integer NOT NULL PRIMARY KEY, "question_id" integer NOT NULL, "content" text DEFAULT NULL, "created_at" datetime(6) NOT NULL, "updated_at" datetime(6) NOT NULL, "user_id" integer NOT NULL)[0m
  [1m[35m (0.1ms)[0m  [1m[35mCREATE INDEX "tindex_aanswers_on_user_id" ON "aanswers" ("user_id")[0m
  [1m[35m (0.1ms)[0m  [1m[35mCREATE INDEX "tindex_aanswers_on_question_id" ON "aanswers" ("question_id")[0m
  [1m[35m (0.1ms)[0m  [1m[32mINSERT INTO "aanswers" ("id","question_id","content","created_at","updated_at","user_id")
                     SELECT "id","question_id","content","created_at","updated_at","user_id" FROM "answers"[0m
  [1m[35m (0.2ms)[0m  [1m[35mDROP TABLE "answers"[0m
  [1m[35m (0.1ms)[0m  [1m[35mCREATE TABLE "answers" ("id" integer NOT NULL PRIMARY KEY, "question_id" integer NOT NULL, "content" text DEFAULT NULL, "created_at" datetime(6) NOT NULL, "updated_at" datetime(6) NOT NULL, "user_id" integer NOT NULL, CONSTRAINT "fk_rails_3d5ed4418f"
FOREIGN KEY ("question_id")
  REFERENCES "questions" ("id")
, CONSTRAINT "fk_rails_584be190c2"
FOREIGN KEY ("user_id")
  REFERENCES "users" ("id")
)[0m
  [1m[35m (0.1ms)[0m  [1m[35mCREATE INDEX "index_answers_on_question_id" ON "answers" ("question_id")[0m
  [1m[35m (0.1ms)[0m  [1m[35mCREATE INDEX "index_answers_on_user_id" ON "answers" ("user_id")[0m
  [1m[35m (0.1ms)[0m  [1m[32mINSERT INTO "answers" ("id","question_id","content","created_at","updated_at","user_id")
                     SELECT "id","question_id","content","created_at","updated_at","user_id" FROM "aanswers"[0m
  [1m[35m (0.2ms)[0m  [1m[35mDROP TABLE "aanswers"[0m
  [1m[35m (0.0ms)[0m  [1m[35mPRAGMA defer_foreign_keys = 0[0m
  [1m[35m (0.0ms)[0m  [1m[35mPRAGMA foreign_keys = 1[0m
  [1m[36mActiveRecord::SchemaMigration Create (0.1ms)[0m  [1m[32mINSERT INTO "schema_migrations" ("version") VALUES (?)[0m  [["version", "20230401054128"]]
  [1m[36mTRANSACTION (3.9ms)[0m  [1m[36mcommit transaction[0m
  [1m[36mActiveRecord::InternalMetadata Load (0.3ms)[0m  [1m[34mSELECT "ar_internal_metadata".* FROM "ar_internal_metadata" WHERE "ar_internal_metadata"."key" = ? LIMIT ?[0m  [["key", "environment"], ["LIMIT", 1]]
  [1m[36mActiveRecord::SchemaMigration Pluck (0.2ms)[0m  [1m[34mSELECT "schema_migrations"."version" FROM "schema_migrations" ORDER BY "schema_migrations"."version" ASC[0m
  [1m[36mForum Load (0.2ms)[0m  [1m[34mSELECT "forums".* FROM "forums"[0m
  [1m[36mForum Load (0.2ms)[0m  [1m[34mSELECT "forums".* FROM "forums"[0m
  [1m[36mTRANSACTION (0.2ms)[0m  [1m[36mbegin transaction[0m
  [1m[36mUser Create (9.5ms)[0m  [1m[32mINSERT INTO "users" ("username", "email_address", "password", "created_at", "updated_at") VALUES (?, ?, ?, ?, ?)[0m  [["username", "John"], ["email_address", "john@email.com"], ["password", "[FILTERED]"], ["created_at", "2023-04-01 05:45:07.077225"], ["updated_at", "2023-04-01 05:45:07.077225"]]
  [1m[36mTRANSACTION (4.9ms)[0m  [1m[36mcommit transaction[0m
  [1m[36mTRANSACTION (0.1ms)[0m  [1m[36mbegin transaction[0m
  [1m[36mUser Create (1.9ms)[0m  [1m[32mINSERT INTO "users" ("username", "email_address", "password", "created_at", "updated_at") VALUES (?, ?, ?, ?, ?)[0m  [["username", "Bill"], ["email_address", "bill@email.com"], ["password", "[FILTERED]"], ["created_at", "2023-04-01 05:47:43.217282"], ["updated_at", "2023-04-01 05:47:43.217282"]]
  [1m[36mTRANSACTION (5.9ms)[0m  [1m[36mcommit transaction[0m
  [1m[36mTRANSACTION (0.2ms)[0m  [1m[36mbegin transaction[0m
  [1m[36mUser Create (1.5ms)[0m  [1m[32mINSERT INTO "users" ("username", "email_address", "password", "created_at", "updated_at") VALUES (?, ?, ?, ?, ?)[0m  [["username", "Goerge"], ["email_address", "george@email.com"], ["password", "[FILTERED]"], ["created_at", "2023-04-01 05:47:43.273584"], ["updated_at", "2023-04-01 05:47:43.273584"]]
  [1m[36mTRANSACTION (4.1ms)[0m  [1m[36mcommit transaction[0m
  [1m[36mTRANSACTION (0.1ms)[0m  [1m[36mbegin transaction[0m
  [1m[36mUser Create (9.4ms)[0m  [1m[32mINSERT INTO "users" ("username", "email_address", "password", "created_at", "updated_at") VALUES (?, ?, ?, ?, ?)[0m  [["username", "Khan"], ["email_address", "khan@email.com"], ["password", "[FILTERED]"], ["created_at", "2023-04-01 05:47:52.325496"], ["updated_at", "2023-04-01 05:47:52.325496"]]
  [1m[36mTRANSACTION (4.0ms)[0m  [1m[36mcommit transaction[0m
  [1m[36mTRANSACTION (0.1ms)[0m  [1m[36mbegin transaction[0m
  [1m[36mUser Create (1.2ms)[0m  [1m[32mINSERT INTO "users" ("username", "email_address", "password", "created_at", "updated_at") VALUES (?, ?, ?, ?, ?)[0m  [["username", "Hense"], ["email_address", "hense@email.com"], ["password", "[FILTERED]"], ["created_at", "2023-04-01 05:47:52.342440"], ["updated_at", "2023-04-01 05:47:52.342440"]]
  [1m[36mTRANSACTION (3.9ms)[0m  [1m[36mcommit transaction[0m
  [1m[36mUser Load (0.3ms)[0m  [1m[34mSELECT "users".* FROM "users"[0m
  [1m[36mForum Load (0.3ms)[0m  [1m[34mSELECT "forums".* FROM "forums"[0m
  [1m[36mForum Load (0.2ms)[0m  [1m[34mSELECT "forums".* FROM "forums"[0m
  [1m[36mTRANSACTION (0.1ms)[0m  [1m[36mbegin transaction[0m
  [1m[36mForum Create (2.5ms)[0m  [1m[32mINSERT INTO "forums" ("title", "description", "created_at", "updated_at") VALUES (?, ?, ?, ?)[0m  [["title", "D-forum"], ["description", "a forum for D"], ["created_at", "2023-04-01 05:50:03.580091"], ["updated_at", "2023-04-01 05:50:03.580091"]]
  [1m[36mTRANSACTION (3.9ms)[0m  [1m[36mcommit transaction[0m
  [1m[36mTRANSACTION (0.1ms)[0m  [1m[36mbegin transaction[0m
  [1m[36mForum Create (1.1ms)[0m  [1m[32mINSERT INTO "forums" ("title", "description", "created_at", "updated_at") VALUES (?, ?, ?, ?)[0m  [["title", "E-forum"], ["description", "a forum for E"], ["created_at", "2023-04-01 05:50:03.590435"], ["updated_at", "2023-04-01 05:50:03.590435"]]
  [1m[36mTRANSACTION (4.1ms)[0m  [1m[36mcommit transaction[0m
  [1m[36mForum Load (0.2ms)[0m  [1m[34mSELECT "forums".* FROM "forums"[0m
  [1m[36mUser Load (0.3ms)[0m  [1m[34mSELECT "users".* FROM "users" ORDER BY "users"."id" ASC LIMIT ?[0m  [["LIMIT", 1]]
  [1m[36mForum Load (0.2ms)[0m  [1m[34mSELECT "forums".* FROM "forums" WHERE "forums"."id" = ? LIMIT ?[0m  [["id", 1], ["LIMIT", 1]]
  [1m[36mCreator Load (0.3ms)[0m  [1m[34mSELECT "creators".* FROM "creators"[0m
  [1m[36mUser Load (0.2ms)[0m  [1m[34mSELECT "users".* FROM "users" ORDER BY "users"."id" ASC LIMIT ?[0m  [["LIMIT", 1]]
  [1m[36mForum Load (0.1ms)[0m  [1m[34mSELECT "forums".* FROM "forums" WHERE "forums"."id" = ? LIMIT ?[0m  [["id", 1], ["LIMIT", 1]]
  [1m[36mTRANSACTION (0.1ms)[0m  [1m[36mbegin transaction[0m
  [1m[36mUser Load (0.3ms)[0m  [1m[34mSELECT "users".* FROM "users" WHERE "users"."id" = ? LIMIT ?[0m  [["id", 1], ["LIMIT", 1]]
  [1m[36mForum Load (0.0ms)[0m  [1m[34mSELECT "forums".* FROM "forums" WHERE "forums"."id" = ? LIMIT ?[0m  [["id", 1], ["LIMIT", 1]]
  [1m[36mCreator Create (1.0ms)[0m  [1m[32mINSERT INTO "creators" ("user_id", "forum_id", "created_at", "updated_at") VALUES (?, ?, ?, ?)[0m  [["user_id", 1], ["forum_id", 1], ["created_at", "2023-04-01 05:53:52.874066"], ["updated_at", "2023-04-01 05:53:52.874066"]]
  [1m[36mTRANSACTION (4.5ms)[0m  [1m[36mcommit transaction[0m
  [1m[36mUser Load (0.3ms)[0m  [1m[34mSELECT "users".* FROM "users" ORDER BY "users"."id" ASC LIMIT ?[0m  [["LIMIT", 1]]
  [1m[36mForum Load (0.2ms)[0m  [1m[34mSELECT "forums".* FROM "forums" WHERE "forums"."id" = ? LIMIT ?[0m  [["id", 2], ["LIMIT", 1]]
  [1m[36mTRANSACTION (0.1ms)[0m  [1m[36mbegin transaction[0m
  [1m[36mUser Load (0.2ms)[0m  [1m[34mSELECT "users".* FROM "users" WHERE "users"."id" = ? LIMIT ?[0m  [["id", 1], ["LIMIT", 1]]
  [1m[36mForum Load (0.0ms)[0m  [1m[34mSELECT "forums".* FROM "forums" WHERE "forums"."id" = ? LIMIT ?[0m  [["id", 2], ["LIMIT", 1]]
  [1m[36mCreator Create (10.0ms)[0m  [1m[32mINSERT INTO "creators" ("user_id", "forum_id", "created_at", "updated_at") VALUES (?, ?, ?, ?)[0m  [["user_id", 1], ["forum_id", 2], ["created_at", "2023-04-01 05:54:21.203354"], ["updated_at", "2023-04-01 05:54:21.203354"]]
  [1m[36mTRANSACTION (4.3ms)[0m  [1m[36mcommit transaction[0m
  [1m[36mUser Load (0.2ms)[0m  [1m[34mSELECT "users".* FROM "users" ORDER BY "users"."id" ASC LIMIT ?[0m  [["LIMIT", 1]]
  [1m[36mForum Load (0.2ms)[0m  [1m[34mSELECT "forums".* FROM "forums" WHERE "forums"."id" = ? LIMIT ?[0m  [["id", 3], ["LIMIT", 1]]
  [1m[36mTRANSACTION (0.1ms)[0m  [1m[36mbegin transaction[0m
  [1m[36mUser Load (0.2ms)[0m  [1m[34mSELECT "users".* FROM "users" WHERE "users"."id" = ? LIMIT ?[0m  [["id", 1], ["LIMIT", 1]]
  [1m[36mForum Load (0.1ms)[0m  [1m[34mSELECT "forums".* FROM "forums" WHERE "forums"."id" = ? LIMIT ?[0m  [["id", 3], ["LIMIT", 1]]
  [1m[36mCreator Create (1.4ms)[0m  [1m[32mINSERT INTO "creators" ("user_id", "forum_id", "created_at", "updated_at") VALUES (?, ?, ?, ?)[0m  [["user_id", 1], ["forum_id", 3], ["created_at", "2023-04-01 05:54:21.226275"], ["updated_at", "2023-04-01 05:54:21.226275"]]
  [1m[36mTRANSACTION (5.3ms)[0m  [1m[36mcommit transaction[0m
  [1m[36mCreator Load (0.2ms)[0m  [1m[34mSELECT "creators".* FROM "creators"[0m
  [1m[36mUser Load (0.4ms)[0m  [1m[34mSELECT "users".* FROM "users" ORDER BY "users"."id" ASC LIMIT ? OFFSET ?[0m  [["LIMIT", 1], ["OFFSET", 1]]
  [1m[36mForum Load (0.2ms)[0m  [1m[34mSELECT "forums".* FROM "forums" WHERE "forums"."id" = ? LIMIT ?[0m  [["id", 4], ["LIMIT", 1]]
  [1m[36mTRANSACTION (0.1ms)[0m  [1m[36mbegin transaction[0m
  [1m[36mUser Load (0.3ms)[0m  [1m[34mSELECT "users".* FROM "users" WHERE "users"."id" = ? LIMIT ?[0m  [["id", 2], ["LIMIT", 1]]
  [1m[36mForum Load (0.0ms)[0m  [1m[34mSELECT "forums".* FROM "forums" WHERE "forums"."id" = ? LIMIT ?[0m  [["id", 4], ["LIMIT", 1]]
  [1m[36mCreator Create (10.7ms)[0m  [1m[32mINSERT INTO "creators" ("user_id", "forum_id", "created_at", "updated_at") VALUES (?, ?, ?, ?)[0m  [["user_id", 2], ["forum_id", 4], ["created_at", "2023-04-01 05:55:05.377827"], ["updated_at", "2023-04-01 05:55:05.377827"]]
  [1m[36mTRANSACTION (6.5ms)[0m  [1m[36mcommit transaction[0m
  [1m[36mUser Load (0.3ms)[0m  [1m[34mSELECT "users".* FROM "users" ORDER BY "users"."id" DESC LIMIT ?[0m  [["LIMIT", 1]]
  [1m[36mForum Load (0.2ms)[0m  [1m[34mSELECT "forums".* FROM "forums" WHERE "forums"."id" = ? LIMIT ?[0m  [["id", 5], ["LIMIT", 1]]
  [1m[36mTRANSACTION (0.0ms)[0m  [1m[36mbegin transaction[0m
  [1m[36mUser Load (0.1ms)[0m  [1m[34mSELECT "users".* FROM "users" WHERE "users"."id" = ? LIMIT ?[0m  [["id", 5], ["LIMIT", 1]]
  [1m[36mForum Load (0.3ms)[0m  [1m[34mSELECT "forums".* FROM "forums" WHERE "forums"."id" = ? LIMIT ?[0m  [["id", 5], ["LIMIT", 1]]
  [1m[36mCreator Create (9.4ms)[0m  [1m[32mINSERT INTO "creators" ("user_id", "forum_id", "created_at", "updated_at") VALUES (?, ?, ?, ?)[0m  [["user_id", 5], ["forum_id", 5], ["created_at", "2023-04-01 05:55:37.449128"], ["updated_at", "2023-04-01 05:55:37.449128"]]
  [1m[36mTRANSACTION (3.9ms)[0m  [1m[36mcommit transaction[0m
  [1m[36mCreator Load (0.2ms)[0m  [1m[34mSELECT "creators".* FROM "creators"[0m
  [1m[36mUser Load (0.2ms)[0m  [1m[34mSELECT "users".* FROM "users" ORDER BY "users"."id" ASC LIMIT ? OFFSET ?[0m  [["LIMIT", 1], ["OFFSET", 2]]
  [1m[36mCreator Load (0.2ms)[0m  [1m[34mSELECT "creators".* FROM "creators"[0m
  [1m[36mTRANSACTION (0.1ms)[0m  [1m[36mbegin transaction[0m
  [1m[36mUser Load (6.6ms)[0m  [1m[34mSELECT "users".* FROM "users" WHERE "users"."id" = ? LIMIT ?[0m  [["id", 3], ["LIMIT", 1]]
  [1m[36mForum Load (0.1ms)[0m  [1m[34mSELECT "forums".* FROM "forums" WHERE "forums"."id" = ? LIMIT ?[0m  [["id", 1], ["LIMIT", 1]]
  [1m[36mCreator Update (9.9ms)[0m  [1m[33mUPDATE "creators" SET "user_id" = ?, "updated_at" = ? WHERE "creators"."id" = ?[0m  [["user_id", 3], ["updated_at", "2023-04-01 05:57:28.403345"], ["id", 1]]
  [1m[36mTRANSACTION (4.9ms)[0m  [1m[36mcommit transaction[0m
  [1m[36mTRANSACTION (0.1ms)[0m  [1m[36mbegin transaction[0m
  [1m[36mUser Load (0.2ms)[0m  [1m[34mSELECT "users".* FROM "users" WHERE "users"."id" = ? LIMIT ?[0m  [["id", 3], ["LIMIT", 1]]
  [1m[36mForum Load (0.1ms)[0m  [1m[34mSELECT "forums".* FROM "forums" WHERE "forums"."id" = ? LIMIT ?[0m  [["id", 2], ["LIMIT", 1]]
  [1m[36mCreator Update (1.4ms)[0m  [1m[33mUPDATE "creators" SET "user_id" = ?, "updated_at" = ? WHERE "creators"."id" = ?[0m  [["user_id", 3], ["updated_at", "2023-04-01 05:57:28.425670"], ["id", 2]]
  [1m[36mTRANSACTION (5.1ms)[0m  [1m[36mcommit transaction[0m
  [1m[36mTRANSACTION (0.1ms)[0m  [1m[36mbegin transaction[0m
  [1m[36mUser Load (0.3ms)[0m  [1m[34mSELECT "users".* FROM "users" WHERE "users"."id" = ? LIMIT ?[0m  [["id", 3], ["LIMIT", 1]]
  [1m[36mForum Load (0.1ms)[0m  [1m[34mSELECT "forums".* FROM "forums" WHERE "forums"."id" = ? LIMIT ?[0m  [["id", 3], ["LIMIT", 1]]
  [1m[36mCreator Update (1.3ms)[0m  [1m[33mUPDATE "creators" SET "user_id" = ?, "updated_at" = ? WHERE "creators"."id" = ?[0m  [["user_id", 3], ["updated_at", "2023-04-01 05:57:28.439205"], ["id", 3]]
  [1m[36mTRANSACTION (4.2ms)[0m  [1m[36mcommit transaction[0m
  [1m[36mTRANSACTION (0.1ms)[0m  [1m[36mbegin transaction[0m
  [1m[36mUser Load (0.3ms)[0m  [1m[34mSELECT "users".* FROM "users" WHERE "users"."id" = ? LIMIT ?[0m  [["id", 3], ["LIMIT", 1]]
  [1m[36mForum Load (0.1ms)[0m  [1m[34mSELECT "forums".* FROM "forums" WHERE "forums"."id" = ? LIMIT ?[0m  [["id", 4], ["LIMIT", 1]]
  [1m[36mCreator Update (1.7ms)[0m  [1m[33mUPDATE "creators" SET "user_id" = ?, "updated_at" = ? WHERE "creators"."id" = ?[0m  [["user_id", 3], ["updated_at", "2023-04-01 05:57:28.451735"], ["id", 4]]
  [1m[36mTRANSACTION (4.3ms)[0m  [1m[36mcommit transaction[0m
  [1m[36mTRANSACTION (0.1ms)[0m  [1m[36mbegin transaction[0m
  [1m[36mUser Load (0.2ms)[0m  [1m[34mSELECT "users".* FROM "users" WHERE "users"."id" = ? LIMIT ?[0m  [["id", 3], ["LIMIT", 1]]
  [1m[36mForum Load (0.0ms)[0m  [1m[34mSELECT "forums".* FROM "forums" WHERE "forums"."id" = ? LIMIT ?[0m  [["id", 5], ["LIMIT", 1]]
  [1m[36mCreator Update (1.2ms)[0m  [1m[33mUPDATE "creators" SET "user_id" = ?, "updated_at" = ? WHERE "creators"."id" = ?[0m  [["user_id", 3], ["updated_at", "2023-04-01 05:57:28.467427"], ["id", 5]]
  [1m[36mTRANSACTION (4.4ms)[0m  [1m[36mcommit transaction[0m
  [1m[36mUser Load (0.2ms)[0m  [1m[34mSELECT "users".* FROM "users" ORDER BY "users"."id" ASC LIMIT ?[0m  [["LIMIT", 1]]
  [1m[36mForum Load (0.1ms)[0m  [1m[34mSELECT "forums".* FROM "forums" WHERE "forums"."id" = ? LIMIT ?[0m  [["id", 2], ["LIMIT", 1]]
  [1m[36mUser Load (0.2ms)[0m  [1m[34mSELECT "users".* FROM "users" ORDER BY "users"."id" ASC LIMIT ?[0m  [["LIMIT", 1]]
  [1m[36mForum Load (0.1ms)[0m  [1m[34mSELECT "forums".* FROM "forums" WHERE "forums"."id" = ? LIMIT ?[0m  [["id", 2], ["LIMIT", 1]]
  [1m[36mUser Load (0.2ms)[0m  [1m[34mSELECT "users".* FROM "users" ORDER BY "users"."id" ASC LIMIT ?[0m  [["LIMIT", 1]]
  [1m[36mForum Load (0.2ms)[0m  [1m[34mSELECT "forums".* FROM "forums" WHERE "forums"."id" = ? LIMIT ?[0m  [["id", 2], ["LIMIT", 1]]
  [1m[36mTRANSACTION (0.1ms)[0m  [1m[36mbegin transaction[0m
  [1m[36mForum Load (0.2ms)[0m  [1m[34mSELECT "forums".* FROM "forums" WHERE "forums"."id" = ? LIMIT ?[0m  [["id", 2], ["LIMIT", 1]]
  [1m[36mTRANSACTION (0.0ms)[0m  [1m[31mrollback transaction[0m
  [1m[36mUser Load (0.2ms)[0m  [1m[34mSELECT "users".* FROM "users" ORDER BY "users"."id" ASC LIMIT ?[0m  [["LIMIT", 1]]
  [1m[36mForum Load (0.2ms)[0m  [1m[34mSELECT "forums".* FROM "forums" WHERE "forums"."id" = ? LIMIT ?[0m  [["id", 2], ["LIMIT", 1]]
  [1m[36mTRANSACTION (0.1ms)[0m  [1m[36mbegin transaction[0m
  [1m[36mForum Load (0.2ms)[0m  [1m[34mSELECT "forums".* FROM "forums" WHERE "forums"."id" = ? LIMIT ?[0m  [["id", 2], ["LIMIT", 1]]
  [1m[36mTRANSACTION (0.1ms)[0m  [1m[31mrollback transaction[0m
  [1m[36mQuestion Load (0.3ms)[0m  [1m[34mSELECT "questions".* FROM "questions"[0m
  [1m[36mQuestion Load (0.2ms)[0m  [1m[34mSELECT "questions".* FROM "questions"[0m
  [1m[36mForum Load (0.4ms)[0m  [1m[34mSELECT "forums".* FROM "forums" ORDER BY "forums"."id" ASC LIMIT ?[0m  [["LIMIT", 1]]
  [1m[36mTRANSACTION (0.1ms)[0m  [1m[36mbegin transaction[0m
  [1m[36mForum Load (0.2ms)[0m  [1m[34mSELECT "forums".* FROM "forums" WHERE "forums"."id" = ? LIMIT ?[0m  [["id", 1], ["LIMIT", 1]]
  [1m[36mQuestion Create (1.4ms)[0m  [1m[32mINSERT INTO "questions" ("forum_id", "content", "created_at", "updated_at", "user_id") VALUES (?, ?, ?, ?, ?)[0m  [["forum_id", 1], ["content", "When is forum a"], ["created_at", "2023-04-01 06:04:04.581942"], ["updated_at", "2023-04-01 06:04:04.581942"], ["user_id", nil]]
  [1m[36mTRANSACTION (7.3ms)[0m  [1m[36mcommit transaction[0m
  [1m[36mQuestion Load (0.2ms)[0m  [1m[34mSELECT "questions".* FROM "questions"[0m
  [1m[36mForum Load (0.4ms)[0m  [1m[34mSELECT "forums".* FROM "forums" WHERE "forums"."id" = ? LIMIT ?[0m  [["id", 2], ["LIMIT", 1]]
  [1m[36mUser Load (0.3ms)[0m  [1m[34mSELECT "users".* FROM "users" ORDER BY "users"."id" ASC LIMIT ?[0m  [["LIMIT", 1]]
  [1m[36mTRANSACTION (0.1ms)[0m  [1m[36mbegin transaction[0m
  [1m[36mForum Load (0.3ms)[0m  [1m[34mSELECT "forums".* FROM "forums" WHERE "forums"."id" = ? LIMIT ?[0m  [["id", 2], ["LIMIT", 1]]
  [1m[36mQuestion Create (1.9ms)[0m  [1m[32mINSERT INTO "questions" ("forum_id", "content", "created_at", "updated_at", "user_id") VALUES (?, ?, ?, ?, ?)[0m  [["forum_id", 2], ["content", "What is forum b"], ["created_at", "2023-04-01 06:06:05.003015"], ["updated_at", "2023-04-01 06:06:05.003015"], ["user_id", 1]]
  [1m[36mTRANSACTION (5.6ms)[0m  [1m[36mcommit transaction[0m
  [1m[36mForum Load (0.4ms)[0m  [1m[34mSELECT "forums".* FROM "forums" WHERE "forums"."id" = ? LIMIT ?[0m  [["id", 2], ["LIMIT", 1]]
  [1m[36mUser Load (0.2ms)[0m  [1m[34mSELECT "users".* FROM "users" ORDER BY "users"."id" ASC LIMIT ?[0m  [["LIMIT", 1]]
  [1m[36mTRANSACTION (0.1ms)[0m  [1m[36mbegin transaction[0m
  [1m[36mForum Load (0.2ms)[0m  [1m[34mSELECT "forums".* FROM "forums" WHERE "forums"."id" = ? LIMIT ?[0m  [["id", 2], ["LIMIT", 1]]
  [1m[36mQuestion Create (8.4ms)[0m  [1m[32mINSERT INTO "questions" ("forum_id", "content", "created_at", "updated_at", "user_id") VALUES (?, ?, ?, ?, ?)[0m  [["forum_id", 2], ["content", "How is forum b"], ["created_at", "2023-04-01 06:06:07.168367"], ["updated_at", "2023-04-01 06:06:07.168367"], ["user_id", 1]]
  [1m[36mTRANSACTION (4.8ms)[0m  [1m[36mcommit transaction[0m
  [1m[36mForum Load (0.2ms)[0m  [1m[34mSELECT "forums".* FROM "forums" WHERE "forums"."id" = ? LIMIT ?[0m  [["id", 2], ["LIMIT", 1]]
  [1m[36mUser Load (0.2ms)[0m  [1m[34mSELECT "users".* FROM "users" ORDER BY "users"."id" ASC LIMIT ?[0m  [["LIMIT", 1]]
  [1m[36mTRANSACTION (0.1ms)[0m  [1m[36mbegin transaction[0m
  [1m[36mForum Load (0.1ms)[0m  [1m[34mSELECT "forums".* FROM "forums" WHERE "forums"."id" = ? LIMIT ?[0m  [["id", 2], ["LIMIT", 1]]
  [1m[36mQuestion Create (0.9ms)[0m  [1m[32mINSERT INTO "questions" ("forum_id", "content", "created_at", "updated_at", "user_id") VALUES (?, ?, ?, ?, ?)[0m  [["forum_id", 2], ["content", "When is forum b"], ["created_at", "2023-04-01 06:06:07.187699"], ["updated_at", "2023-04-01 06:06:07.187699"], ["user_id", 1]]
  [1m[36mTRANSACTION (4.4ms)[0m  [1m[36mcommit transaction[0m
  [1m[36mQuestion Load (0.3ms)[0m  [1m[34mSELECT "questions".* FROM "questions"[0m
  [1m[36mForum Load (0.6ms)[0m  [1m[34mSELECT "forums".* FROM "forums" ORDER BY "forums"."id" DESC LIMIT ?[0m  [["LIMIT", 1]]
  [1m[36mUser Load (0.3ms)[0m  [1m[34mSELECT "users".* FROM "users" ORDER BY "users"."id" ASC LIMIT ? OFFSET ?[0m  [["LIMIT", 1], ["OFFSET", 1]]
  [1m[36mTRANSACTION (0.1ms)[0m  [1m[36mbegin transaction[0m
  [1m[36mForum Load (0.2ms)[0m  [1m[34mSELECT "forums".* FROM "forums" WHERE "forums"."id" = ? LIMIT ?[0m  [["id", 5], ["LIMIT", 1]]
  [1m[36mQuestion Create (1.6ms)[0m  [1m[32mINSERT INTO "questions" ("forum_id", "content", "created_at", "updated_at", "user_id") VALUES (?, ?, ?, ?, ?)[0m  [["forum_id", 5], ["content", "What is forum e`"], ["created_at", "2023-04-01 06:08:05.346739"], ["updated_at", "2023-04-01 06:08:05.346739"], ["user_id", 2]]
  [1m[36mTRANSACTION (4.6ms)[0m  [1m[36mcommit transaction[0m
  [1m[36mForum Load (0.3ms)[0m  [1m[34mSELECT "forums".* FROM "forums" ORDER BY "forums"."id" DESC LIMIT ?[0m  [["LIMIT", 1]]
  [1m[36mUser Load (0.2ms)[0m  [1m[34mSELECT "users".* FROM "users" ORDER BY "users"."id" ASC LIMIT ? OFFSET ?[0m  [["LIMIT", 1], ["OFFSET", 1]]
  [1m[36mTRANSACTION (0.1ms)[0m  [1m[36mbegin transaction[0m
  [1m[36mForum Load (0.2ms)[0m  [1m[34mSELECT "forums".* FROM "forums" WHERE "forums"."id" = ? LIMIT ?[0m  [["id", 5], ["LIMIT", 1]]
  [1m[36mQuestion Create (1.4ms)[0m  [1m[32mINSERT INTO "questions" ("forum_id", "content", "created_at", "updated_at", "user_id") VALUES (?, ?, ?, ?, ?)[0m  [["forum_id", 5], ["content", "How is forum e`"], ["created_at", "2023-04-01 06:08:05.415703"], ["updated_at", "2023-04-01 06:08:05.415703"], ["user_id", 2]]
  [1m[36mTRANSACTION (5.1ms)[0m  [1m[36mcommit transaction[0m
  [1m[36mForum Load (0.5ms)[0m  [1m[34mSELECT "forums".* FROM "forums" ORDER BY "forums"."id" DESC LIMIT ?[0m  [["LIMIT", 1]]
  [1m[36mUser Load (0.4ms)[0m  [1m[34mSELECT "users".* FROM "users" ORDER BY "users"."id" ASC LIMIT ? OFFSET ?[0m  [["LIMIT", 1], ["OFFSET", 1]]
  [1m[36mTRANSACTION (0.1ms)[0m  [1m[36mbegin transaction[0m
  [1m[36mForum Load (0.2ms)[0m  [1m[34mSELECT "forums".* FROM "forums" WHERE "forums"."id" = ? LIMIT ?[0m  [["id", 5], ["LIMIT", 1]]
  [1m[36mQuestion Create (1.1ms)[0m  [1m[32mINSERT INTO "questions" ("forum_id", "content", "created_at", "updated_at", "user_id") VALUES (?, ?, ?, ?, ?)[0m  [["forum_id", 5], ["content", "When is forum e"], ["created_at", "2023-04-01 06:08:05.468692"], ["updated_at", "2023-04-01 06:08:05.468692"], ["user_id", 2]]
  [1m[36mTRANSACTION (4.5ms)[0m  [1m[36mcommit transaction[0m
  [1m[36mForum Load (0.3ms)[0m  [1m[34mSELECT "forums".* FROM "forums" ORDER BY "forums"."id" DESC LIMIT ?[0m  [["LIMIT", 1]]
  [1m[36mUser Load (0.2ms)[0m  [1m[34mSELECT "users".* FROM "users" ORDER BY "users"."id" ASC LIMIT ? OFFSET ?[0m  [["LIMIT", 1], ["OFFSET", 1]]
  [1m[36mTRANSACTION (0.1ms)[0m  [1m[36mbegin transaction[0m
  [1m[36mForum Load (0.2ms)[0m  [1m[34mSELECT "forums".* FROM "forums" WHERE "forums"."id" = ? LIMIT ?[0m  [["id", 5], ["LIMIT", 1]]
  [1m[36mQuestion Create (9.3ms)[0m  [1m[32mINSERT INTO "questions" ("forum_id", "content", "created_at", "updated_at", "user_id") VALUES (?, ?, ?, ?, ?)[0m  [["forum_id", 5], ["content", "Why is forum e"], ["created_at", "2023-04-01 06:08:07.210665"], ["updated_at", "2023-04-01 06:08:07.210665"], ["user_id", 2]]
  [1m[36mTRANSACTION (4.3ms)[0m  [1m[36mcommit transaction[0m
  [1m[36mForum Load (0.3ms)[0m  [1m[34mSELECT "forums".* FROM "forums" ORDER BY "forums"."id" DESC LIMIT ?[0m  [["LIMIT", 1]]
  [1m[36mUser Load (0.2ms)[0m  [1m[34mSELECT "users".* FROM "users" ORDER BY "users"."id" ASC LIMIT ? OFFSET ?[0m  [["LIMIT", 1], ["OFFSET", 1]]
  [1m[36mTRANSACTION (0.1ms)[0m  [1m[36mbegin transaction[0m
  [1m[36mForum Load (0.2ms)[0m  [1m[34mSELECT "forums".* FROM "forums" WHERE "forums"."id" = ? LIMIT ?[0m  [["id", 5], ["LIMIT", 1]]
  [1m[36mQuestion Create (1.5ms)[0m  [1m[32mINSERT INTO "questions" ("forum_id", "content", "created_at", "updated_at", "user_id") VALUES (?, ?, ?, ?, ?)[0m  [["forum_id", 5], ["content", "How mush is forum e"], ["created_at", "2023-04-01 06:08:07.231871"], ["updated_at", "2023-04-01 06:08:07.231871"], ["user_id", 2]]
  [1m[36mTRANSACTION (4.9ms)[0m  [1m[36mcommit transaction[0m
  [1m[36mQuestion Load (0.2ms)[0m  [1m[34mSELECT "questions".* FROM "questions"[0m
  [1m[36mQuestion Load (0.3ms)[0m  [1m[34mSELECT "questions".* FROM "questions"[0m
  [1m[36mQuestion Load (0.4ms)[0m  [1m[34mSELECT "questions".* FROM "questions" WHERE "questions"."id" = ? LIMIT ?[0m  [["id", 1], ["LIMIT", 1]]
  [1m[36mUser Load (0.1ms)[0m  [1m[34mSELECT "users".* FROM "users" ORDER BY "users"."id" ASC LIMIT ? OFFSET ?[0m  [["LIMIT", 1], ["OFFSET", 2]]
  [1m[36mTRANSACTION (0.1ms)[0m  [1m[36mbegin transaction[0m
  [1m[36mQuestion Load (0.1ms)[0m  [1m[34mSELECT "questions".* FROM "questions" WHERE "questions"."id" = ? LIMIT ?[0m  [["id", 1], ["LIMIT", 1]]
  [1m[36mAnswer Create (1.0ms)[0m  [1m[32mINSERT INTO "answers" ("question_id", "content", "created_at", "updated_at", "user_id") VALUES (?, ?, ?, ?, ?)[0m  [["question_id", 1], ["content", "This is the answer"], ["created_at", "2023-04-01 06:13:06.985050"], ["updated_at", "2023-04-01 06:13:06.985050"], ["user_id", 3]]
  [1m[36mTRANSACTION (4.7ms)[0m  [1m[36mcommit transaction[0m
  [1m[36mAnswer Load (0.3ms)[0m  [1m[34mSELECT "answers".* FROM "answers"[0m
  [1m[36mQuestion Load (0.3ms)[0m  [1m[34mSELECT "questions".* FROM "questions"[0m
  [1m[36mQuestion Load (0.2ms)[0m  [1m[34mSELECT "questions".* FROM "questions" WHERE "questions"."id" = ? LIMIT ?[0m  [["id", 4], ["LIMIT", 1]]
  [1m[36mUser Load (0.3ms)[0m  [1m[34mSELECT "users".* FROM "users" ORDER BY "users"."id" ASC LIMIT ? OFFSET ?[0m  [["LIMIT", 1], ["OFFSET", 2]]
  [1m[36mTRANSACTION (0.1ms)[0m  [1m[36mbegin transaction[0m
  [1m[36mQuestion Load (0.1ms)[0m  [1m[34mSELECT "questions".* FROM "questions" WHERE "questions"."id" = ? LIMIT ?[0m  [["id", 4], ["LIMIT", 1]]
  [1m[36mAnswer Create (9.3ms)[0m  [1m[32mINSERT INTO "answers" ("question_id", "content", "created_at", "updated_at", "user_id") VALUES (?, ?, ?, ?, ?)[0m  [["question_id", 4], ["content", "This is the answer"], ["created_at", "2023-04-01 06:14:41.942475"], ["updated_at", "2023-04-01 06:14:41.942475"], ["user_id", 3]]
  [1m[36mTRANSACTION (8.4ms)[0m  [1m[36mcommit transaction[0m
  [1m[36mQuestion Load (0.2ms)[0m  [1m[34mSELECT "questions".* FROM "questions" WHERE "questions"."id" = ? LIMIT ?[0m  [["id", 7], ["LIMIT", 1]]
  [1m[36mUser Load (0.1ms)[0m  [1m[34mSELECT "users".* FROM "users" ORDER BY "users"."id" ASC LIMIT ? OFFSET ?[0m  [["LIMIT", 1], ["OFFSET", 2]]
  [1m[36mTRANSACTION (0.1ms)[0m  [1m[36mbegin transaction[0m
  [1m[36mQuestion Load (0.2ms)[0m  [1m[34mSELECT "questions".* FROM "questions" WHERE "questions"."id" = ? LIMIT ?[0m  [["id", 7], ["LIMIT", 1]]
  [1m[36mAnswer Create (1.3ms)[0m  [1m[32mINSERT INTO "answers" ("question_id", "content", "created_at", "updated_at", "user_id") VALUES (?, ?, ?, ?, ?)[0m  [["question_id", 7], ["content", "This is the answer"], ["created_at", "2023-04-01 06:14:41.967344"], ["updated_at", "2023-04-01 06:14:41.967344"], ["user_id", 3]]
  [1m[36mTRANSACTION (4.5ms)[0m  [1m[36mcommit transaction[0m
  [1m[36mAnswer Load (0.3ms)[0m  [1m[34mSELECT "answers".* FROM "answers"[0m
  [1m[36mForum Load (0.4ms)[0m  [1m[34mSELECT "forums".* FROM "forums" ORDER BY "forums"."id" ASC LIMIT ?[0m  [["LIMIT", 1]]
  [1m[36mUser Load (0.3ms)[0m  [1m[34mSELECT "users".* FROM "users" ORDER BY "users"."id" ASC LIMIT ? OFFSET ?[0m  [["LIMIT", 1], ["OFFSET", 2]]
  [1m[36mTRANSACTION (0.1ms)[0m  [1m[36mbegin transaction[0m
  [1m[36mForum Load (0.3ms)[0m  [1m[34mSELECT "forums".* FROM "forums" WHERE "forums"."id" = ? LIMIT ?[0m  [["id", 1], ["LIMIT", 1]]
  [1m[36mQuestion Create (1.9ms)[0m  [1m[32mINSERT INTO "questions" ("forum_id", "content", "created_at", "updated_at", "user_id") VALUES (?, ?, ?, ?, ?)[0m  [["forum_id", 1], ["content", "Can is forum a"], ["created_at", "2023-04-01 06:17:59.020783"], ["updated_at", "2023-04-01 06:17:59.020783"], ["user_id", 3]]
  [1m[36mTRANSACTION (4.3ms)[0m  [1m[36mcommit transaction[0m
  [1m[36mForum Load (0.4ms)[0m  [1m[34mSELECT "forums".* FROM "forums" ORDER BY "forums"."id" ASC LIMIT ? OFFSET ?[0m  [["LIMIT", 1], ["OFFSET", 1]]
  [1m[36mUser Load (0.3ms)[0m  [1m[34mSELECT "users".* FROM "users" ORDER BY "users"."id" ASC LIMIT ? OFFSET ?[0m  [["LIMIT", 1], ["OFFSET", 2]]
  [1m[36mTRANSACTION (0.1ms)[0m  [1m[36mbegin transaction[0m
  [1m[36mForum Load (0.3ms)[0m  [1m[34mSELECT "forums".* FROM "forums" WHERE "forums"."id" = ? LIMIT ?[0m  [["id", 2], ["LIMIT", 1]]
  [1m[36mQuestion Create (1.7ms)[0m  [1m[32mINSERT INTO "questions" ("forum_id", "content", "created_at", "updated_at", "user_id") VALUES (?, ?, ?, ?, ?)[0m  [["forum_id", 2], ["content", "Should is forum b"], ["created_at", "2023-04-01 06:17:59.078009"], ["updated_at", "2023-04-01 06:17:59.078009"], ["user_id", 3]]
  [1m[36mTRANSACTION (4.8ms)[0m  [1m[36mcommit transaction[0m
  [1m[36mForum Load (0.4ms)[0m  [1m[34mSELECT "forums".* FROM "forums" ORDER BY "forums"."id" ASC LIMIT ? OFFSET ?[0m  [["LIMIT", 1], ["OFFSET", 2]]
  [1m[36mUser Load (0.2ms)[0m  [1m[34mSELECT "users".* FROM "users" ORDER BY "users"."id" ASC LIMIT ? OFFSET ?[0m  [["LIMIT", 1], ["OFFSET", 2]]
  [1m[36mTRANSACTION (0.1ms)[0m  [1m[36mbegin transaction[0m
  [1m[36mForum Load (0.2ms)[0m  [1m[34mSELECT "forums".* FROM "forums" WHERE "forums"."id" = ? LIMIT ?[0m  [["id", 3], ["LIMIT", 1]]
  [1m[36mQuestion Create (1.4ms)[0m  [1m[32mINSERT INTO "questions" ("forum_id", "content", "created_at", "updated_at", "user_id") VALUES (?, ?, ?, ?, ?)[0m  [["forum_id", 3], ["content", "Would is forum c"], ["created_at", "2023-04-01 06:17:59.134133"], ["updated_at", "2023-04-01 06:17:59.134133"], ["user_id", 3]]
  [1m[36mTRANSACTION (4.9ms)[0m  [1m[36mcommit transaction[0m
  [1m[36mForum Load (0.3ms)[0m  [1m[34mSELECT "forums".* FROM "forums" ORDER BY "forums"."id" ASC LIMIT ? OFFSET ?[0m  [["LIMIT", 1], ["OFFSET", 3]]
  [1m[36mUser Load (0.2ms)[0m  [1m[34mSELECT "users".* FROM "users" ORDER BY "users"."id" ASC LIMIT ? OFFSET ?[0m  [["LIMIT", 1], ["OFFSET", 2]]
  [1m[36mTRANSACTION (0.1ms)[0m  [1m[36mbegin transaction[0m
  [1m[36mForum Load (0.2ms)[0m  [1m[34mSELECT "forums".* FROM "forums" WHERE "forums"."id" = ? LIMIT ?[0m  [["id", 4], ["LIMIT", 1]]
  [1m[36mQuestion Create (9.0ms)[0m  [1m[32mINSERT INTO "questions" ("forum_id", "content", "created_at", "updated_at", "user_id") VALUES (?, ?, ?, ?, ?)[0m  [["forum_id", 4], ["content", "Shoulnt is forum d"], ["created_at", "2023-04-01 06:18:00.628915"], ["updated_at", "2023-04-01 06:18:00.628915"], ["user_id", 3]]
  [1m[36mTRANSACTION (4.4ms)[0m  [1m[36mcommit transaction[0m
  [1m[36mForum Load (0.2ms)[0m  [1m[34mSELECT "forums".* FROM "forums" ORDER BY "forums"."id" ASC LIMIT ? OFFSET ?[0m  [["LIMIT", 1], ["OFFSET", 4]]
  [1m[36mUser Load (0.1ms)[0m  [1m[34mSELECT "users".* FROM "users" ORDER BY "users"."id" ASC LIMIT ? OFFSET ?[0m  [["LIMIT", 1], ["OFFSET", 2]]
  [1m[36mTRANSACTION (0.1ms)[0m  [1m[36mbegin transaction[0m
  [1m[36mForum Load (0.2ms)[0m  [1m[34mSELECT "forums".* FROM "forums" WHERE "forums"."id" = ? LIMIT ?[0m  [["id", 5], ["LIMIT", 1]]
  [1m[36mQuestion Create (1.5ms)[0m  [1m[32mINSERT INTO "questions" ("forum_id", "content", "created_at", "updated_at", "user_id") VALUES (?, ?, ?, ?, ?)[0m  [["forum_id", 5], ["content", "Wouldnt is forum e"], ["created_at", "2023-04-01 06:18:00.648982"], ["updated_at", "2023-04-01 06:18:00.648982"], ["user_id", 3]]
  [1m[36mTRANSACTION (5.1ms)[0m  [1m[36mcommit transaction[0m
  [1m[36mQuestion Load (0.3ms)[0m  [1m[34mSELECT "questions".* FROM "questions"[0m
  [1m[36mQuestion Load (0.4ms)[0m  [1m[34mSELECT "questions".* FROM "questions" ORDER BY "questions"."id" ASC LIMIT ?[0m  [["LIMIT", 1]]
  [1m[36mUser Load (0.2ms)[0m  [1m[34mSELECT "users".* FROM "users" ORDER BY "users"."id" ASC LIMIT ? OFFSET ?[0m  [["LIMIT", 1], ["OFFSET", 2]]
  [1m[36mTRANSACTION (0.1ms)[0m  [1m[36mbegin transaction[0m
  [1m[36mQuestion Load (0.3ms)[0m  [1m[34mSELECT "questions".* FROM "questions" WHERE "questions"."id" = ? LIMIT ?[0m  [["id", 1], ["LIMIT", 1]]
  [1m[36mAnswer Create (1.4ms)[0m  [1m[32mINSERT INTO "answers" ("question_id", "content", "created_at", "updated_at", "user_id") VALUES (?, ?, ?, ?, ?)[0m  [["question_id", 1], ["content", "This is the answer"], ["created_at", "2023-04-01 06:20:00.351173"], ["updated_at", "2023-04-01 06:20:00.351173"], ["user_id", 3]]
  [1m[36mTRANSACTION (8.0ms)[0m  [1m[36mcommit transaction[0m
  [1m[36mQuestion Load (0.3ms)[0m  [1m[34mSELECT "questions".* FROM "questions" ORDER BY "questions"."id" ASC LIMIT ?[0m  [["LIMIT", 1]]
  [1m[36mUser Load (0.2ms)[0m  [1m[34mSELECT "users".* FROM "users" ORDER BY "users"."id" ASC LIMIT ? OFFSET ?[0m  [["LIMIT", 1], ["OFFSET", 2]]
  [1m[36mTRANSACTION (0.1ms)[0m  [1m[36mbegin transaction[0m
  [1m[36mQuestion Load (0.2ms)[0m  [1m[34mSELECT "questions".* FROM "questions" WHERE "questions"."id" = ? LIMIT ?[0m  [["id", 1], ["LIMIT", 1]]
  [1m[36mAnswer Create (1.8ms)[0m  [1m[32mINSERT INTO "answers" ("question_id", "content", "created_at", "updated_at", "user_id") VALUES (?, ?, ?, ?, ?)[0m  [["question_id", 1], ["content", "This is another answer"], ["created_at", "2023-04-01 06:20:00.414443"], ["updated_at", "2023-04-01 06:20:00.414443"], ["user_id", 3]]
  [1m[36mTRANSACTION (4.1ms)[0m  [1m[36mcommit transaction[0m
  [1m[36mQuestion Load (0.5ms)[0m  [1m[34mSELECT "questions".* FROM "questions" ORDER BY "questions"."id" ASC LIMIT ? OFFSET ?[0m  [["LIMIT", 1], ["OFFSET", 1]]
  [1m[36mUser Load (0.2ms)[0m  [1m[34mSELECT "users".* FROM "users" ORDER BY "users"."id" ASC LIMIT ? OFFSET ?[0m  [["LIMIT", 1], ["OFFSET", 2]]
  [1m[36mTRANSACTION (0.1ms)[0m  [1m[36mbegin transaction[0m
  [1m[36mQuestion Load (0.1ms)[0m  [1m[34mSELECT "questions".* FROM "questions" WHERE "questions"."id" = ? LIMIT ?[0m  [["id", 2], ["LIMIT", 1]]
  [1m[36mAnswer Create (1.8ms)[0m  [1m[32mINSERT INTO "answers" ("question_id", "content", "created_at", "updated_at", "user_id") VALUES (?, ?, ?, ?, ?)[0m  [["question_id", 2], ["content", "This is the answer"], ["created_at", "2023-04-01 06:20:00.471751"], ["updated_at", "2023-04-01 06:20:00.471751"], ["user_id", 3]]
  [1m[36mTRANSACTION (4.2ms)[0m  [1m[36mcommit transaction[0m
  [1m[36mQuestion Load (0.3ms)[0m  [1m[34mSELECT "questions".* FROM "questions" ORDER BY "questions"."id" ASC LIMIT ? OFFSET ?[0m  [["LIMIT", 1], ["OFFSET", 1]]
  [1m[36mUser Load (0.2ms)[0m  [1m[34mSELECT "users".* FROM "users" ORDER BY "users"."id" ASC LIMIT ? OFFSET ?[0m  [["LIMIT", 1], ["OFFSET", 2]]
  [1m[36mTRANSACTION (0.1ms)[0m  [1m[36mbegin transaction[0m
  [1m[36mQuestion Load (0.2ms)[0m  [1m[34mSELECT "questions".* FROM "questions" WHERE "questions"."id" = ? LIMIT ?[0m  [["id", 2], ["LIMIT", 1]]
  [1m[36mAnswer Create (1.7ms)[0m  [1m[32mINSERT INTO "answers" ("question_id", "content", "created_at", "updated_at", "user_id") VALUES (?, ?, ?, ?, ?)[0m  [["question_id", 2], ["content", "This is another answer"], ["created_at", "2023-04-01 06:20:01.755369"], ["updated_at", "2023-04-01 06:20:01.755369"], ["user_id", 3]]
  [1m[36mTRANSACTION (4.7ms)[0m  [1m[36mcommit transaction[0m
  [1m[36mQuestion Load (0.2ms)[0m  [1m[34mSELECT "questions".* FROM "questions" ORDER BY "questions"."id" ASC LIMIT ? OFFSET ?[0m  [["LIMIT", 1], ["OFFSET", 1]]
  [1m[36mUser Load (0.1ms)[0m  [1m[34mSELECT "users".* FROM "users" ORDER BY "users"."id" ASC LIMIT ? OFFSET ?[0m  [["LIMIT", 1], ["OFFSET", 2]]
  [1m[36mTRANSACTION (0.1ms)[0m  [1m[36mbegin transaction[0m
  [1m[36mQuestion Load (0.2ms)[0m  [1m[34mSELECT "questions".* FROM "questions" WHERE "questions"."id" = ? LIMIT ?[0m  [["id", 2], ["LIMIT", 1]]
  [1m[36mAnswer Create (1.2ms)[0m  [1m[32mINSERT INTO "answers" ("question_id", "content", "created_at", "updated_at", "user_id") VALUES (?, ?, ?, ?, ?)[0m  [["question_id", 2], ["content", "This is the 3rd answer"], ["created_at", "2023-04-01 06:20:01.769223"], ["updated_at", "2023-04-01 06:20:01.769223"], ["user_id", 3]]
  [1m[36mTRANSACTION (4.6ms)[0m  [1m[36mcommit transaction[0m
  [1m[36mAnswer Load (0.2ms)[0m  [1m[34mSELECT "answers".* FROM "answers"[0m
  [1m[36mQuestion Load (0.5ms)[0m  [1m[34mSELECT "questions".* FROM "questions" ORDER BY "questions"."id" DESC LIMIT ?[0m  [["LIMIT", 1]]
  [1m[36mUser Load (0.4ms)[0m  [1m[34mSELECT "users".* FROM "users" ORDER BY "users"."id" ASC LIMIT ? OFFSET ?[0m  [["LIMIT", 1], ["OFFSET", 3]]
  [1m[36mTRANSACTION (0.1ms)[0m  [1m[36mbegin transaction[0m
  [1m[36mQuestion Load (0.4ms)[0m  [1m[34mSELECT "questions".* FROM "questions" WHERE "questions"."id" = ? LIMIT ?[0m  [["id", 16], ["LIMIT", 1]]
  [1m[36mAnswer Create (1.8ms)[0m  [1m[32mINSERT INTO "answers" ("question_id", "content", "created_at", "updated_at", "user_id") VALUES (?, ?, ?, ?, ?)[0m  [["question_id", 16], ["content", "This is the answer"], ["created_at", "2023-04-01 06:22:22.139238"], ["updated_at", "2023-04-01 06:22:22.139238"], ["user_id", 4]]
  [1m[36mTRANSACTION (4.8ms)[0m  [1m[36mcommit transaction[0m
  [1m[36mQuestion Load (0.3ms)[0m  [1m[34mSELECT "questions".* FROM "questions" ORDER BY "questions"."id" DESC LIMIT ?[0m  [["LIMIT", 1]]
  [1m[36mUser Load (0.2ms)[0m  [1m[34mSELECT "users".* FROM "users" ORDER BY "users"."id" ASC LIMIT ? OFFSET ?[0m  [["LIMIT", 1], ["OFFSET", 3]]
  [1m[36mTRANSACTION (0.1ms)[0m  [1m[36mbegin transaction[0m
  [1m[36mQuestion Load (0.2ms)[0m  [1m[34mSELECT "questions".* FROM "questions" WHERE "questions"."id" = ? LIMIT ?[0m  [["id", 16], ["LIMIT", 1]]
  [1m[36mAnswer Create (1.3ms)[0m  [1m[32mINSERT INTO "answers" ("question_id", "content", "created_at", "updated_at", "user_id") VALUES (?, ?, ?, ?, ?)[0m  [["question_id", 16], ["content", "This is another answer"], ["created_at", "2023-04-01 06:22:23.628723"], ["updated_at", "2023-04-01 06:22:23.628723"], ["user_id", 4]]
  [1m[36mTRANSACTION (4.6ms)[0m  [1m[36mcommit transaction[0m
  [1m[36mQuestion Load (0.2ms)[0m  [1m[34mSELECT "questions".* FROM "questions" ORDER BY "questions"."id" DESC LIMIT ?[0m  [["LIMIT", 1]]
  [1m[36mUser Load (0.2ms)[0m  [1m[34mSELECT "users".* FROM "users" ORDER BY "users"."id" ASC LIMIT ? OFFSET ?[0m  [["LIMIT", 1], ["OFFSET", 3]]
  [1m[36mTRANSACTION (0.1ms)[0m  [1m[36mbegin transaction[0m
  [1m[36mQuestion Load (0.4ms)[0m  [1m[34mSELECT "questions".* FROM "questions" WHERE "questions"."id" = ? LIMIT ?[0m  [["id", 16], ["LIMIT", 1]]
  [1m[36mAnswer Create (0.9ms)[0m  [1m[32mINSERT INTO "answers" ("question_id", "content", "created_at", "updated_at", "user_id") VALUES (?, ?, ?, ?, ?)[0m  [["question_id", 16], ["content", "This is the 3rd answer"], ["created_at", "2023-04-01 06:22:23.641397"], ["updated_at", "2023-04-01 06:22:23.641397"], ["user_id", 4]]
  [1m[36mTRANSACTION (4.1ms)[0m  [1m[36mcommit transaction[0m
  [1m[36mAnswer Load (0.2ms)[0m  [1m[34mSELECT "answers".* FROM "answers"[0m
  [1m[36mQuestion Load (0.3ms)[0m  [1m[34mSELECT "questions".* FROM "questions" ORDER BY "questions"."id" ASC LIMIT ? OFFSET ?[0m  [["LIMIT", 1], ["OFFSET", 1]]
  [1m[36mUser Load (0.2ms)[0m  [1m[34mSELECT "users".* FROM "users" ORDER BY "users"."id" DESC LIMIT ?[0m  [["LIMIT", 1]]
  [1m[36mTRANSACTION (0.1ms)[0m  [1m[36mbegin transaction[0m
  [1m[36mForum Load (0.1ms)[0m  [1m[34mSELECT "forums".* FROM "forums" WHERE "forums"."id" = ? LIMIT ?[0m  [["id", 1], ["LIMIT", 1]]
  [1m[36mQuestion Update (9.1ms)[0m  [1m[33mUPDATE "questions" SET "updated_at" = ?, "user_id" = ? WHERE "questions"."id" = ?[0m  [["updated_at", "2023-04-01 06:23:47.287467"], ["user_id", 5], ["id", 2]]
  [1m[36mTRANSACTION (4.6ms)[0m  [1m[36mcommit transaction[0m
  [1m[36mQuestion Load (0.3ms)[0m  [1m[34mSELECT "questions".* FROM "questions" ORDER BY "questions"."id" ASC LIMIT ? OFFSET ?[0m  [["LIMIT", 1], ["OFFSET", 1]]
  [1m[36mQuestion Load (0.3ms)[0m  [1m[34mSELECT "questions".* FROM "questions" ORDER BY "questions"."id" ASC LIMIT ? OFFSET ?[0m  [["LIMIT", 1], ["OFFSET", 1]]
  [1m[36mTRANSACTION (0.1ms)[0m  [1m[36mbegin transaction[0m
  [1m[36mForum Load (0.2ms)[0m  [1m[34mSELECT "forums".* FROM "forums" WHERE "forums"."id" = ? LIMIT ?[0m  [["id", 1], ["LIMIT", 1]]
  [1m[36mQuestion Update (9.5ms)[0m  [1m[33mUPDATE "questions" SET "content" = ?, "updated_at" = ? WHERE "questions"."id" = ?[0m  [["content", "something else"], ["updated_at", "2023-04-01 06:24:44.357662"], ["id", 2]]
  [1m[36mTRANSACTION (4.2ms)[0m  [1m[36mcommit transaction[0m
  [1m[36mQuestion Load (0.3ms)[0m  [1m[34mSELECT "questions".* FROM "questions" ORDER BY "questions"."id" ASC LIMIT ? OFFSET ?[0m  [["LIMIT", 1], ["OFFSET", 1]]
  [1m[36mTRANSACTION (0.1ms)[0m  [1m[36mbegin transaction[0m
  [1m[36mForum Load (0.3ms)[0m  [1m[34mSELECT "forums".* FROM "forums" WHERE "forums"."id" = ? LIMIT ?[0m  [["id", 1], ["LIMIT", 1]]
  [1m[36mTRANSACTION (0.1ms)[0m  [1m[36mcommit transaction[0m
  [1m[36mQuestion Load (0.3ms)[0m  [1m[34mSELECT "questions".* FROM "questions" ORDER BY "questions"."id" ASC LIMIT ? OFFSET ?[0m  [["LIMIT", 1], ["OFFSET", 1]]
  [1m[36mUser Load (0.2ms)[0m  [1m[34mSELECT "users".* FROM "users" WHERE "users"."id" = ? LIMIT ?[0m  [["id", 3], ["LIMIT", 1]]
  [1m[36mUser Load (0.2ms)[0m  [1m[34mSELECT "users".* FROM "users" ORDER BY "users"."id" ASC LIMIT ?[0m  [["LIMIT", 1]]
  [1m[36mCreator Load (0.3ms)[0m  [1m[34mSELECT "creators".* FROM "creators"[0m
  [1m[36mUser Load (0.2ms)[0m  [1m[34mSELECT "users".* FROM "users" ORDER BY "users"."id" ASC LIMIT ?[0m  [["LIMIT", 1]]
  [1m[36mUser Load (0.1ms)[0m  [1m[34mSELECT "users".* FROM "users" ORDER BY "users"."id" ASC LIMIT ?[0m  [["LIMIT", 1]]
  [1m[36mUser Load (0.2ms)[0m  [1m[34mSELECT "users".* FROM "users" ORDER BY "users"."id" ASC LIMIT ?[0m  [["LIMIT", 1]]
  [1m[36mForum Load (0.1ms)[0m  [1m[34mSELECT "forums".* FROM "forums" ORDER BY "forums"."id" ASC LIMIT ?[0m  [["LIMIT", 1]]
  [1m[36mUser Load (0.2ms)[0m  [1m[34mSELECT "users".* FROM "users" INNER JOIN "creators" ON "users"."id" = "creators"."user_id" WHERE "creators"."forum_id" = ?[0m  [["forum_id", 1]]
  [1m[36mForum Load (0.1ms)[0m  [1m[34mSELECT "forums".* FROM "forums" ORDER BY "forums"."id" ASC LIMIT ?[0m  [["LIMIT", 1]]
  [1m[36mUser Load (0.2ms)[0m  [1m[34mSELECT "users".* FROM "users" INNER JOIN "creators" ON "users"."id" = "creators"."user_id" WHERE "creators"."forum_id" = ?[0m  [["forum_id", 1]]
  [1m[36mUser Load (0.4ms)[0m  [1m[34mSELECT "users".* FROM "users" ORDER BY "users"."id" ASC LIMIT ?[0m  [["LIMIT", 1]]
  [1m[36mForum Load (0.6ms)[0m  [1m[34mSELECT "forums".* FROM "forums" INNER JOIN "creators" ON "forums"."id" = "creators"."forum_id" WHERE "creators"."user_id" = ?[0m  [["user_id", 1]]
  [1m[36mCreator Load (0.3ms)[0m  [1m[34mSELECT "creators".* FROM "creators"[0m
  [1m[36mUser Load (0.3ms)[0m  [1m[34mSELECT "users".* FROM "users" ORDER BY "users"."id" ASC LIMIT ? OFFSET ?[0m  [["LIMIT", 1], ["OFFSET", 2]]
  [1m[36mForum Load (0.1ms)[0m  [1m[34mSELECT "forums".* FROM "forums" INNER JOIN "creators" ON "forums"."id" = "creators"."forum_id" WHERE "creators"."user_id" = ?[0m  [["user_id", 3]]
  [1m[36mUser Load (0.3ms)[0m  [1m[34mSELECT "users".* FROM "users" WHERE "users"."id" = ? LIMIT ?[0m  [["id", 3], ["LIMIT", 1]]
  [1m[36mQuestion Load (0.2ms)[0m  [1m[34mSELECT "questions".* FROM "questions" WHERE "questions"."user_id" = ?[0m  [["user_id", 3]]
  [1m[36mUser Load (0.3ms)[0m  [1m[34mSELECT "users".* FROM "users" WHERE "users"."id" = ? LIMIT ?[0m  [["id", 3], ["LIMIT", 1]]
  [1m[36mAnswer Load (0.2ms)[0m  [1m[34mSELECT "answers".* FROM "answers" WHERE "answers"."user_id" = ?[0m  [["user_id", 3]]
  [1m[36mForum Load (0.3ms)[0m  [1m[34mSELECT "forums".* FROM "forums" WHERE "forums"."id" = ? LIMIT ?[0m  [["id", 5], ["LIMIT", 1]]
  [1m[36mForum Load (0.4ms)[0m  [1m[34mSELECT "forums".* FROM "forums" INNER JOIN "creators" ON "creators"."forum_id" = "forums"."id" INNER JOIN "users" ON "users"."id" = "creators"."user_id" /* loading for inspect */ LIMIT ?[0m  [["LIMIT", 11]]
  [1m[36mForum Load (0.2ms)[0m  [1m[34mSELECT "forums".* FROM "forums" INNER JOIN "creators" ON "creators"."forum_id" = "forums"."id" INNER JOIN "users" ON "users"."id" = "creators"."user_id" /* loading for inspect */ LIMIT ?[0m  [["LIMIT", 11]]
  [1m[36mForum Load (0.4ms)[0m  [1m[34mSELECT "forums".* FROM "forums" INNER JOIN "creators" ON "creators"."forum_id" = "forums"."id" INNER JOIN "users" ON "users"."id" = "creators"."user_id" WHERE (forum_id = 5)[0m
  [1m[36mForum Load (0.3ms)[0m  [1m[34mSELECT "forums".* FROM "forums" INNER JOIN "creators" ON "creators"."forum_id" = "forums"."id" INNER JOIN "users" ON "users"."id" = "creators"."user_id" WHERE (forum_id = 5) /* loading for inspect */ LIMIT ?[0m  [["LIMIT", 11]]
  [1m[36mForum Load (0.4ms)[0m  [1m[34mSELECT "forums".* FROM "forums" INNER JOIN "creators" ON "creators"."forum_id" = "forums"."id" INNER JOIN "users" ON "users"."id" = "creators"."user_id" WHERE (forum_id = 5) /* loading for inspect */ LIMIT ?[0m  [["LIMIT", 11]]
  [1m[36mForum Load (0.5ms)[0m  [1m[34mSELECT "forums".* FROM "forums" INNER JOIN "creators" ON "creators"."forum_id" = "forums"."id" INNER JOIN "users" ON "users"."id" = "creators"."user_id" INNER JOIN "questions" ON "questions"."forum_id" = "forums"."id" WHERE (forum_id = 5)[0m
  [1m[36mForum Load (0.5ms)[0m  [1m[34mSELECT "forums".* FROM "forums" INNER JOIN "creators" ON "creators"."forum_id" = "forums"."id" INNER JOIN "users" ON "users"."id" = "creators"."user_id" INNER JOIN "questions" ON "questions"."forum_id" = "forums"."id" WHERE (forum_id = 5)[0m
  [1m[36mForum Load (0.5ms)[0m  [1m[34mSELECT "forums".* FROM "forums" INNER JOIN "creators" ON "creators"."forum_id" = "forums"."id" INNER JOIN "users" ON "users"."id" = "creators"."user_id" INNER JOIN "questions" ON "questions"."forum_id" = "forums"."id" WHERE (Forum.id = 5)[0m
  [1m[36mForum Load (0.4ms)[0m  [1m[34mSELECT "forums".* FROM "forums" INNER JOIN "creators" ON "creators"."forum_id" = "forums"."id" INNER JOIN "users" ON "users"."id" = "creators"."user_id" INNER JOIN "questions" ON "questions"."forum_id" = "forums"."id" WHERE (forums.id = 5)[0m
  [1m[36mForum Load (0.4ms)[0m  [1m[34mSELECT "forums".* FROM "forums" INNER JOIN "creators" ON "creators"."forum_id" = "forums"."id" INNER JOIN "users" ON "users"."id" = "creators"."user_id" INNER JOIN "questions" ON "questions"."forum_id" = "forums"."id" WHERE (forums.id = 5) /* loading for inspect */ LIMIT ?[0m  [["LIMIT", 11]]
  [1m[36mForum Load (0.4ms)[0m  [1m[34mSELECT "forums".* FROM "forums" INNER JOIN "creators" ON "creators"."forum_id" = "forums"."id" INNER JOIN "users" ON "users"."id" = "creators"."user_id" INNER JOIN "questions" ON "questions"."forum_id" = "forums"."id" WHERE (forums.id = 5) /* loading for inspect */ LIMIT ?[0m  [["LIMIT", 11]]
  [1m[36mForum Load (0.3ms)[0m  [1m[34mSELECT "forums"."id" FROM "forums" INNER JOIN "creators" ON "creators"."forum_id" = "forums"."id" INNER JOIN "users" ON "users"."id" = "creators"."user_id" INNER JOIN "questions" ON "questions"."forum_id" = "forums"."id" WHERE (forums.id = 5)[0m
  [1m[36mForum Load (0.7ms)[0m  [1m[34mSELECT forums.id,users.name FROM "forums" INNER JOIN "creators" ON "creators"."forum_id" = "forums"."id" INNER JOIN "users" ON "users"."id" = "creators"."user_id" INNER JOIN "questions" ON "questions"."forum_id" = "forums"."id" WHERE (forums.id = 5)[0m
  [1m[36mForum Load (0.5ms)[0m  [1m[34mSELECT forums.id users.name FROM "forums" INNER JOIN "creators" ON "creators"."forum_id" = "forums"."id" INNER JOIN "users" ON "users"."id" = "creators"."user_id" INNER JOIN "questions" ON "questions"."forum_id" = "forums"."id" WHERE (forums.id = 5)[0m
  [1m[36mForum Load (0.9ms)[0m  [1m[34mSELECT forums.id, users.name FROM "forums" INNER JOIN "creators" ON "creators"."forum_id" = "forums"."id" INNER JOIN "users" ON "users"."id" = "creators"."user_id" INNER JOIN "questions" ON "questions"."forum_id" = "forums"."id" WHERE (forums.id = 5)[0m
  [1m[36mForum Load (0.4ms)[0m  [1m[34mSELECT forums.id, users.username FROM "forums" INNER JOIN "creators" ON "creators"."forum_id" = "forums"."id" INNER JOIN "users" ON "users"."id" = "creators"."user_id" INNER JOIN "questions" ON "questions"."forum_id" = "forums"."id" WHERE (forums.id = 5)[0m
  [1m[36mForum Load (0.4ms)[0m  [1m[34mSELECT questions.id, questions.content, users.username FROM "forums" INNER JOIN "creators" ON "creators"."forum_id" = "forums"."id" INNER JOIN "users" ON "users"."id" = "creators"."user_id" INNER JOIN "questions" ON "questions"."forum_id" = "forums"."id" WHERE (forums.id = 5)[0m
  [1m[36mUser Load (0.4ms)[0m  [1m[34mSELECT answers.id, answers.content, users.username FROM "users" INNER JOIN "creators" ON "creators"."user_id" = "users"."id" INNER JOIN "forums" ON "forums"."id" = "creators"."forum_id" INNER JOIN "answers" ON "answers"."user_id" = "users"."id" WHERE (forums.id = 5)[0m
  [1m[36mUser Load (0.4ms)[0m  [1m[34mSELECT forum.id, answers.id, answers.content, users.username FROM "users" INNER JOIN "creators" ON "creators"."user_id" = "users"."id" INNER JOIN "forums" ON "forums"."id" = "creators"."forum_id" INNER JOIN "answers" ON "answers"."user_id" = "users"."id" WHERE (forums.id = 5)[0m
  [1m[36mUser Load (0.4ms)[0m  [1m[34mSELECT forums.id, answers.id, answers.content, users.username FROM "users" INNER JOIN "creators" ON "creators"."user_id" = "users"."id" INNER JOIN "forums" ON "forums"."id" = "creators"."forum_id" INNER JOIN "answers" ON "answers"."user_id" = "users"."id" WHERE (forums.id = 5)[0m
  [1m[36mUser Load (0.7ms)[0m  [1m[34mSELECT forums.id AS forum_id, answers.id, answers.content, users.username FROM "users" INNER JOIN "creators" ON "creators"."user_id" = "users"."id" INNER JOIN "forums" ON "forums"."id" = "creators"."forum_id" INNER JOIN "answers" ON "answers"."user_id" = "users"."id" WHERE (forums.id = 5)[0m
  [1m[36mUser Load (0.5ms)[0m  [1m[34mSELECT forums.id AS forum_id, answers.id, answers.content, users.username FROM "users" INNER JOIN "creators" ON "creators"."user_id" = "users"."id" INNER JOIN "forums" ON "forums"."id" = "creators"."forum_id" INNER JOIN "answers" ON "answers"."user_id" = "users"."id" WHERE (forums.id = 5)[0m
  [1m[36mForum Load (0.2ms)[0m  [1m[34mSELECT "forums".* FROM "forums" ORDER BY "forums"."id" ASC LIMIT ?[0m  [["LIMIT", 1]]
  [1m[36mCreator Load (0.3ms)[0m  [1m[34mSELECT "creators".* FROM "creators" WHERE "creators"."forum_id" = ?[0m  [["forum_id", 1]]
  [1m[36mForum Load (0.3ms)[0m  [1m[34mSELECT "forums".* FROM "forums" ORDER BY "forums"."id" ASC LIMIT ?[0m  [["LIMIT", 1]]
  [1m[36mCreator Load (0.3ms)[0m  [1m[34mSELECT "creators".* FROM "creators" WHERE "creators"."forum_id" = ? /* loading for inspect */ LIMIT ?[0m  [["forum_id", 1], ["LIMIT", 11]]
  [1m[36mCreator Load (0.2ms)[0m  [1m[34mSELECT "creators".* FROM "creators" WHERE "creators"."forum_id" = ? /* loading for inspect */ LIMIT ?[0m  [["forum_id", 1], ["LIMIT", 11]]
  [1m[36mForum Load (0.2ms)[0m  [1m[34mSELECT "forums".* FROM "forums" ORDER BY "forums"."id" ASC LIMIT ?[0m  [["LIMIT", 1]]
  [1m[36mCreator Load (0.2ms)[0m  [1m[34mSELECT "creators".* FROM "creators" WHERE "creators"."forum_id" = ? /* loading for inspect */ LIMIT ?[0m  [["forum_id", 1], ["LIMIT", 11]]
  [1m[36mCreator Load (0.1ms)[0m  [1m[34mSELECT "creators".* FROM "creators" WHERE "creators"."forum_id" = ? /* loading for inspect */ LIMIT ?[0m  [["forum_id", 1], ["LIMIT", 11]]
  [1m[36mForum Load (0.3ms)[0m  [1m[34mSELECT "forums".* FROM "forums" ORDER BY "forums"."id" ASC LIMIT ?[0m  [["LIMIT", 1]]
  [1m[36mCreator Load (0.3ms)[0m  [1m[34mSELECT "creators".* FROM "creators" WHERE "creators"."forum_id" = ?[0m  [["forum_id", 1]]
  [1m[36mForum Load (0.3ms)[0m  [1m[34mSELECT "forums".* FROM "forums" ORDER BY "forums"."id" ASC LIMIT ?[0m  [["LIMIT", 1]]
  [1m[36mCreator Load (0.2ms)[0m  [1m[34mSELECT "creators".* FROM "creators" WHERE "creators"."forum_id" = ? /* loading for inspect */ LIMIT ?[0m  [["forum_id", 1], ["LIMIT", 11]]
  [1m[36mCreator Load (0.1ms)[0m  [1m[34mSELECT "creators".* FROM "creators" WHERE "creators"."forum_id" = ? /* loading for inspect */ LIMIT ?[0m  [["forum_id", 1], ["LIMIT", 11]]
  [1m[36mForum Load (0.2ms)[0m  [1m[34mSELECT "forums".* FROM "forums" ORDER BY "forums"."id" ASC LIMIT ?[0m  [["LIMIT", 1]]
  [1m[36mCreator Load (0.2ms)[0m  [1m[34mSELECT "creators".* FROM "creators" WHERE "creators"."forum_id" = ? /* loading for inspect */ LIMIT ?[0m  [["forum_id", 1], ["LIMIT", 11]]
  [1m[36mCreator Load (0.1ms)[0m  [1m[34mSELECT "creators".* FROM "creators" WHERE "creators"."forum_id" = ? /* loading for inspect */ LIMIT ?[0m  [["forum_id", 1], ["LIMIT", 11]]
  [1m[36mForum Load (0.2ms)[0m  [1m[34mSELECT "forums".* FROM "forums" ORDER BY "forums"."id" ASC LIMIT ?[0m  [["LIMIT", 1]]
  [1m[36mCreator Load (0.2ms)[0m  [1m[34mSELECT "creators"."user_id" FROM "creators" WHERE "creators"."forum_id" = ?[0m  [["forum_id", 1]]
  [1m[36mForum Load (0.3ms)[0m  [1m[34mSELECT "forums".* FROM "forums" ORDER BY "forums"."id" ASC LIMIT ?[0m  [["LIMIT", 1]]
  [1m[36mCreator Load (0.5ms)[0m  [1m[34mSELECT "user_id"."username" FROM "creators" WHERE "creators"."forum_id" = ?[0m  [["forum_id", 1]]
  [1m[36mForum Load (0.2ms)[0m  [1m[34mSELECT "forums".* FROM "forums" ORDER BY "forums"."id" ASC LIMIT ?[0m  [["LIMIT", 1]]
  [1m[36mCreator Load (0.1ms)[0m  [1m[34mSELECT "creators".* FROM "creators" WHERE "creators"."forum_id" = ? /* loading for inspect */ LIMIT ?[0m  [["forum_id", 1], ["LIMIT", 11]]
  [1m[36mCreator Load (0.1ms)[0m  [1m[34mSELECT "creators".* FROM "creators" WHERE "creators"."forum_id" = ? /* loading for inspect */ LIMIT ?[0m  [["forum_id", 1], ["LIMIT", 11]]
  [1m[36mForum Load (0.3ms)[0m  [1m[34mSELECT "forums".* FROM "forums" ORDER BY "forums"."id" ASC LIMIT ?[0m  [["LIMIT", 1]]
  [1m[36mForum Load (0.2ms)[0m  [1m[34mSELECT "forums".* FROM "forums" ORDER BY "forums"."id" ASC LIMIT ?[0m  [["LIMIT", 1]]
  [1m[36mForum Load (0.2ms)[0m  [1m[34mSELECT "forums".* FROM "forums" ORDER BY "forums"."id" ASC LIMIT ?[0m  [["LIMIT", 1]]
  [1m[35mSQL (0.2ms)[0m  [1m[34mSELECT "creators"."id" AS t0_r0, "creators"."user_id" AS t0_r1, "creators"."forum_id" AS t0_r2, "creators"."created_at" AS t0_r3, "creators"."updated_at" AS t0_r4, "users"."id" AS t1_r0, "users"."username" AS t1_r1, "users"."email_address" AS t1_r2, "users"."password" AS t1_r3, "users"."created_at" AS t1_r4, "users"."updated_at" AS t1_r5 FROM "creators" LEFT OUTER JOIN "users" ON "users"."id" = "creators"."user_id" WHERE "creators"."forum_id" = ?[0m  [["forum_id", 1]]
  [1m[36mForum Load (0.2ms)[0m  [1m[34mSELECT "forums".* FROM "forums" ORDER BY "forums"."id" ASC LIMIT ?[0m  [["LIMIT", 1]]
  [1m[35mSQL (0.2ms)[0m  [1m[34mSELECT "creators"."id" AS t0_r0, "creators"."user_id" AS t0_r1, "creators"."forum_id" AS t0_r2, "creators"."created_at" AS t0_r3, "creators"."updated_at" AS t0_r4, "users"."id" AS t1_r0, "users"."username" AS t1_r1, "users"."email_address" AS t1_r2, "users"."password" AS t1_r3, "users"."created_at" AS t1_r4, "users"."updated_at" AS t1_r5 FROM "creators" LEFT OUTER JOIN "users" ON "users"."id" = "creators"."user_id" WHERE "creators"."forum_id" = ? /* loading for inspect */ LIMIT ?[0m  [["forum_id", 1], ["LIMIT", 11]]
  [1m[35mSQL (0.2ms)[0m  [1m[34mSELECT "creators"."id" AS t0_r0, "creators"."user_id" AS t0_r1, "creators"."forum_id" AS t0_r2, "creators"."created_at" AS t0_r3, "creators"."updated_at" AS t0_r4, "users"."id" AS t1_r0, "users"."username" AS t1_r1, "users"."email_address" AS t1_r2, "users"."password" AS t1_r3, "users"."created_at" AS t1_r4, "users"."updated_at" AS t1_r5 FROM "creators" LEFT OUTER JOIN "users" ON "users"."id" = "creators"."user_id" WHERE "creators"."forum_id" = ? /* loading for inspect */ LIMIT ?[0m  [["forum_id", 1], ["LIMIT", 11]]
  [1m[36mForum Load (0.3ms)[0m  [1m[34mSELECT "forums".* FROM "forums" ORDER BY "forums"."id" ASC LIMIT ?[0m  [["LIMIT", 1]]
  [1m[35mSQL (0.2ms)[0m  [1m[34mSELECT *, "creators"."id" AS t0_r0, "users"."id" AS t1_r0, "users"."username" AS t1_r1, "users"."email_address" AS t1_r2, "users"."password" AS t1_r3, "users"."created_at" AS t1_r4, "users"."updated_at" AS t1_r5 FROM "creators" LEFT OUTER JOIN "users" ON "users"."id" = "creators"."user_id" WHERE "creators"."forum_id" = ?[0m  [["forum_id", 1]]
  [1m[36mForum Load (0.3ms)[0m  [1m[34mSELECT "forums".* FROM "forums" ORDER BY "forums"."id" ASC LIMIT ?[0m  [["LIMIT", 1]]
  [1m[36mForum Load (0.2ms)[0m  [1m[34mSELECT "forums".* FROM "forums" ORDER BY "forums"."id" ASC LIMIT ?[0m  [["LIMIT", 1]]
  [1m[36mUser Load (0.2ms)[0m  [1m[34mSELECT "users".* FROM "users" ORDER BY "users"."id" ASC LIMIT ? OFFSET ?[0m  [["LIMIT", 1], ["OFFSET", 1]]
  [1m[35mSQL (0.2ms)[0m  [1m[34mSELECT *, "creators"."id" AS t0_r0, "users"."id" AS t1_r0, "users"."username" AS t1_r1, "users"."email_address" AS t1_r2, "users"."password" AS t1_r3, "users"."created_at" AS t1_r4, "users"."updated_at" AS t1_r5 FROM "creators" LEFT OUTER JOIN "users" ON "users"."id" = "creators"."user_id" WHERE "creators"."forum_id" = ?[0m  [["forum_id", 1]]
  [1m[36mTRANSACTION (0.0ms)[0m  [1m[36mbegin transaction[0m
  [1m[36mForum Load (0.1ms)[0m  [1m[34mSELECT "forums".* FROM "forums" WHERE "forums"."id" = ? LIMIT ?[0m  [["id", 2], ["LIMIT", 1]]
  [1m[36mCreator Update (2.2ms)[0m  [1m[33mUPDATE "creators" SET "forum_id" = ?, "updated_at" = ? WHERE "creators"."id" = ?[0m  [["forum_id", 2], ["updated_at", "2023-04-01 07:20:01.264821"], ["id", 3]]
  [1m[36mTRANSACTION (3.9ms)[0m  [1m[36mcommit transaction[0m
  [1m[36mActiveRecord::SchemaMigration Pluck (0.2ms)[0m  [1m[34mSELECT "schema_migrations"."version" FROM "schema_migrations" ORDER BY "schema_migrations"."version" ASC[0m
Migrating to CreateLikes (20230403081803)
  [1m[36mTRANSACTION (0.1ms)[0m  [1m[36mbegin transaction[0m
  [1m[35m (0.8ms)[0m  [1m[35mCREATE TABLE "likes" ("id" integer PRIMARY KEY AUTOINCREMENT NOT NULL, "likeable_id" integer NOT NULL, "created_at" datetime(6) NOT NULL, "updated_at" datetime(6) NOT NULL, CONSTRAINT "fk_rails_75ed8123b2"
FOREIGN KEY ("likeable_id")
  REFERENCES "likeables" ("id")
)[0m
  [1m[35m (0.1ms)[0m  [1m[35mCREATE INDEX "index_likes_on_likeable_id" ON "likes" ("likeable_id")[0m
  [1m[36mActiveRecord::SchemaMigration Create (0.2ms)[0m  [1m[32mINSERT INTO "schema_migrations" ("version") VALUES (?)[0m  [["version", "20230403081803"]]
  [1m[36mTRANSACTION (4.1ms)[0m  [1m[36mcommit transaction[0m
  [1m[36mActiveRecord::InternalMetadata Load (0.3ms)[0m  [1m[34mSELECT "ar_internal_metadata".* FROM "ar_internal_metadata" WHERE "ar_internal_metadata"."key" = ? LIMIT ?[0m  [["key", "environment"], ["LIMIT", 1]]
  [1m[36mActiveRecord::SchemaMigration Pluck (0.2ms)[0m  [1m[34mSELECT "schema_migrations"."version" FROM "schema_migrations" ORDER BY "schema_migrations"."version" ASC[0m
  [1m[36mLike Load (0.1ms)[0m  [1m[34mSELECT "likes".* FROM "likes"[0m
  [1m[36mActiveRecord::SchemaMigration Pluck (0.1ms)[0m  [1m[34mSELECT "schema_migrations"."version" FROM "schema_migrations" ORDER BY "schema_migrations"."version" ASC[0m
  [1m[36mActiveRecord::InternalMetadata Load (0.1ms)[0m  [1m[34mSELECT "ar_internal_metadata".* FROM "ar_internal_metadata" WHERE "ar_internal_metadata"."key" = ? LIMIT ?[0m  [["key", "environment"], ["LIMIT", 1]]
  [1m[36mActiveRecord::SchemaMigration Pluck (0.1ms)[0m  [1m[34mSELECT "schema_migrations"."version" FROM "schema_migrations" ORDER BY "schema_migrations"."version" ASC[0m
  [1m[36mActiveRecord::SchemaMigration Pluck (0.1ms)[0m  [1m[34mSELECT "schema_migrations"."version" FROM "schema_migrations" ORDER BY "schema_migrations"."version" ASC[0m
  [1m[36mActiveRecord::InternalMetadata Load (0.1ms)[0m  [1m[34mSELECT "ar_internal_metadata".* FROM "ar_internal_metadata" WHERE "ar_internal_metadata"."key" = ? LIMIT ?[0m  [["key", "environment"], ["LIMIT", 1]]
  [1m[36mActiveRecord::SchemaMigration Pluck (0.1ms)[0m  [1m[34mSELECT "schema_migrations"."version" FROM "schema_migrations" ORDER BY "schema_migrations"."version" ASC[0m
  [1m[36mActiveRecord::SchemaMigration Pluck (0.1ms)[0m  [1m[34mSELECT "schema_migrations"."version" FROM "schema_migrations" ORDER BY "schema_migrations"."version" ASC[0m
  [1m[36mActiveRecord::SchemaMigration Pluck (0.1ms)[0m  [1m[34mSELECT "schema_migrations"."version" FROM "schema_migrations" ORDER BY "schema_migrations"."version" ASC[0m
  [1m[36mActiveRecord::SchemaMigration Pluck (0.1ms)[0m  [1m[34mSELECT "schema_migrations"."version" FROM "schema_migrations" ORDER BY "schema_migrations"."version" ASC[0m
  [1m[36mActiveRecord::SchemaMigration Pluck (0.1ms)[0m  [1m[34mSELECT "schema_migrations"."version" FROM "schema_migrations" ORDER BY "schema_migrations"."version" ASC[0m
Migrating to CreateLikes (20230403081803)
  [1m[36mTRANSACTION (0.1ms)[0m  [1m[36mbegin transaction[0m
  [1m[35m (2.6ms)[0m  [1m[35mDROP TABLE "likes"[0m
  [1m[36mActiveRecord::SchemaMigration Delete All (0.3ms)[0m  [1m[31mDELETE FROM "schema_migrations" WHERE "schema_migrations"."version" = ?[0m  [["version", "20230403081803"]]
  [1m[36mTRANSACTION (3.8ms)[0m  [1m[36mcommit transaction[0m
  [1m[36mActiveRecord::SchemaMigration Pluck (0.1ms)[0m  [1m[34mSELECT "schema_migrations"."version" FROM "schema_migrations" ORDER BY "schema_migrations"."version" ASC[0m
  [1m[36mActiveRecord::SchemaMigration Pluck (0.1ms)[0m  [1m[34mSELECT "schema_migrations"."version" FROM "schema_migrations" ORDER BY "schema_migrations"."version" ASC[0m
Migrating to CreateLikes (20230403081803)
  [1m[36mTRANSACTION (0.0ms)[0m  [1m[36mbegin transaction[0m
  [1m[35m (1.0ms)[0m  [1m[35mCREATE TABLE "likes" ("id" integer PRIMARY KEY AUTOINCREMENT NOT NULL, "likeable_type" varchar NOT NULL, "likeable_id" integer NOT NULL, "created_at" datetime(6) NOT NULL, "updated_at" datetime(6) NOT NULL)[0m
  [1m[35m (0.1ms)[0m  [1m[35mCREATE INDEX "index_likes_on_likeable" ON "likes" ("likeable_type", "likeable_id")[0m
  [1m[36mActiveRecord::SchemaMigration Create (0.2ms)[0m  [1m[32mINSERT INTO "schema_migrations" ("version") VALUES (?)[0m  [["version", "20230403081803"]]
  [1m[36mTRANSACTION (4.4ms)[0m  [1m[36mcommit transaction[0m
  [1m[36mActiveRecord::InternalMetadata Load (0.2ms)[0m  [1m[34mSELECT "ar_internal_metadata".* FROM "ar_internal_metadata" WHERE "ar_internal_metadata"."key" = ? LIMIT ?[0m  [["key", "environment"], ["LIMIT", 1]]
  [1m[36mActiveRecord::SchemaMigration Pluck (0.1ms)[0m  [1m[34mSELECT "schema_migrations"."version" FROM "schema_migrations" ORDER BY "schema_migrations"."version" ASC[0m
  [1m[36mUser Load (0.1ms)[0m  [1m[34mSELECT "users".* FROM "users" ORDER BY "users"."id" ASC LIMIT ?[0m  [["LIMIT", 1]]
  [1m[36mTRANSACTION (0.1ms)[0m  [1m[36mbegin transaction[0m
  [1m[36mLike Create (0.8ms)[0m  [1m[32mINSERT INTO "likes" ("likeable_type", "likeable_id", "created_at", "updated_at") VALUES (?, ?, ?, ?)[0m  [["likeable_type", "User"], ["likeable_id", 1], ["created_at", "2023-04-03 08:38:35.494070"], ["updated_at", "2023-04-03 08:38:35.494070"]]
  [1m[36mTRANSACTION (3.5ms)[0m  [1m[36mcommit transaction[0m
  [1m[36mLike Load (0.2ms)[0m  [1m[34mSELECT "likes".* FROM "likes"[0m
  [1m[36mLike Load (0.2ms)[0m  [1m[34mSELECT "likes".* FROM "likes"[0m
  [1m[36mForum Load (0.1ms)[0m  [1m[34mSELECT "forums".* FROM "forums" ORDER BY "forums"."id" ASC LIMIT ?[0m  [["LIMIT", 1]]
  [1m[36mTRANSACTION (0.0ms)[0m  [1m[36mbegin transaction[0m
  [1m[36mLike Create (0.7ms)[0m  [1m[32mINSERT INTO "likes" ("likeable_type", "likeable_id", "created_at", "updated_at") VALUES (?, ?, ?, ?)[0m  [["likeable_type", "Forum"], ["likeable_id", 1], ["created_at", "2023-04-03 08:39:22.645947"], ["updated_at", "2023-04-03 08:39:22.645947"]]
  [1m[36mTRANSACTION (3.6ms)[0m  [1m[36mcommit transaction[0m
  [1m[36mQuestion Load (0.1ms)[0m  [1m[34mSELECT "questions".* FROM "questions" ORDER BY "questions"."id" ASC LIMIT ?[0m  [["LIMIT", 1]]
  [1m[36mTRANSACTION (0.0ms)[0m  [1m[36mbegin transaction[0m
  [1m[36mLike Create (0.7ms)[0m  [1m[32mINSERT INTO "likes" ("likeable_type", "likeable_id", "created_at", "updated_at") VALUES (?, ?, ?, ?)[0m  [["likeable_type", "Question"], ["likeable_id", 1], ["created_at", "2023-04-03 08:39:29.382712"], ["updated_at", "2023-04-03 08:39:29.382712"]]
  [1m[36mTRANSACTION (3.9ms)[0m  [1m[36mcommit transaction[0m
  [1m[36mAnswer Load (0.1ms)[0m  [1m[34mSELECT "answers".* FROM "answers" ORDER BY "answers"."id" ASC LIMIT ?[0m  [["LIMIT", 1]]
  [1m[36mTRANSACTION (0.1ms)[0m  [1m[36mbegin transaction[0m
  [1m[36mLike Create (0.8ms)[0m  [1m[32mINSERT INTO "likes" ("likeable_type", "likeable_id", "created_at", "updated_at") VALUES (?, ?, ?, ?)[0m  [["likeable_type", "Answer"], ["likeable_id", 1], ["created_at", "2023-04-03 08:39:36.840743"], ["updated_at", "2023-04-03 08:39:36.840743"]]
  [1m[36mTRANSACTION (4.0ms)[0m  [1m[36mcommit transaction[0m
  [1m[36mLike Load (0.2ms)[0m  [1m[34mSELECT "likes".* FROM "likes"[0m
  [1m[36mUser Load (0.2ms)[0m  [1m[34mSELECT "users".* FROM "users" ORDER BY "users"."id" ASC LIMIT ?[0m  [["LIMIT", 1]]
  [1m[36mLike Load (0.2ms)[0m  [1m[34mSELECT "likes".* FROM "likes" WHERE "likes"."likeable_id" = ? AND "likes"."likeable_type" = ?[0m  [["likeable_id", 1], ["likeable_type", "User"]]
